<?xml version="1.0" encoding="UTF-8"?>
<!-- Generated by org.testng.reporters.JUnitReportReporter -->
<testsuite hostname="A2ML30049" name="io.mosip.registration.test.PacketSyncServiceTest" tests="7" failures="0" timestamp="23 Jan 2020 11:15:55 GMT" time="373.794" errors="0">
  <testcase name="regClient_PacketSyncService_Sync_single_packet_Valid" time="57.320" classname="io.mosip.registration.test.PacketSyncServiceTest"/>
  <testcase name="regClient_PacketSyncService_validate_UpdateSyncStatus" time="31.540" classname="io.mosip.registration.test.PacketSyncServiceTest"/>
  <testcase name="regClient_PacketSyncService_SynEODPacketsToServer" time="49.881" classname="io.mosip.registration.test.PacketSyncServiceTest"/>
  <testcase name="regClient_PacketSyncService_validate_PacketsFetchedToBeSynced" time="31.594" classname="io.mosip.registration.test.PacketSyncServiceTest"/>
  <testcase name="regClient_PacketSyncService_SyncInvalidPacketToServer" time="58.057" classname="io.mosip.registration.test.PacketSyncServiceTest"/>
  <testcase name="regClient_PacketSyncService_Sync_single_packet_Invalid" time="108.570" classname="io.mosip.registration.test.PacketSyncServiceTest"/>
  <testcase name="regClient_PacketSyncService_SynValidPacketsToServer" time="36.832" classname="io.mosip.registration.test.PacketSyncServiceTest"/>
</testsuite> <!-- io.mosip.registration.test.PacketSyncServiceTest -->
