<?xml version="1.0" encoding="UTF-8"?>
<!-- Generated by org.testng.reporters.JUnitReportReporter -->
<testsuite hostname="A2ML30049" name="io.mosip.registration.test.MasterSyncGenderDetail" tests="6" failures="0" timestamp="14 Jan 2020 05:17:01 GMT" time="45.634" errors="0">
  <testcase name="regClient_GenderDetail_validateBlackListedWord_smoke" time="0.287" classname="io.mosip.registration.test.MasterSyncGenderDetail"/>
  <testcase name="regClient_GenderDetail_invalid_langcode_notHavingValue" time="0.289" classname="io.mosip.registration.test.MasterSyncGenderDetail"/>
  <testcase name="regClient_GenderDetail_validateBlackListedWord_smoke" time="1.786" classname="io.mosip.registration.test.MasterSyncGenderDetail"/>
  <testcase name="regClient_GenderDetail_invalid_langCode_empty" time="0.940" classname="io.mosip.registration.test.MasterSyncGenderDetail"/>
  <testcase name="regClient_GenderDetail_invalid_langCode_empty" time="41.379" classname="io.mosip.registration.test.MasterSyncGenderDetail"/>
  <testcase name="regClient_GenderDetail_invalid_langcode_notHavingValue" time="0.953" classname="io.mosip.registration.test.MasterSyncGenderDetail"/>
</testsuite> <!-- io.mosip.registration.test.MasterSyncGenderDetail -->
