<?xml version="1.0" encoding="UTF-8"?>
<!-- Generated by org.testng.reporters.JUnitReportReporter -->
<testsuite hostname="A2ML30049" name="io.mosip.registration.test.AuditServiceTest" tests="5" failures="0" timestamp="8 Jan 2020 14:01:54 GMT" time="55.752" errors="0">
  <testcase name="regClient_AuditService_delete_AuditLogs_configuredDaysAs_futureDays" time="5.621" classname="io.mosip.registration.test.AuditServiceTest"/>
  <testcase name="regClient_AuditService_delete_AuditLogs_configuredDaysAs_NoLogs" time="1.415" classname="io.mosip.registration.test.AuditServiceTest"/>
  <testcase name="regClient_AuditService_delete_AuditLogs_configuredAs_3days" time="8.077" classname="io.mosip.registration.test.AuditServiceTest"/>
  <testcase name="regClient_AuditService_delete_AuditLogs_configuredDaysAs_currentDate" time="39.648" classname="io.mosip.registration.test.AuditServiceTest"/>
  <testcase name="regClient_AuditService_delete_AuditLogs_configuredDaysAs_NULL" time="0.991" classname="io.mosip.registration.test.AuditServiceTest"/>
</testsuite> <!-- io.mosip.registration.test.AuditServiceTest -->
