<?xml version="1.0" encoding="UTF-8"?>
<!-- Generated by org.testng.reporters.JUnitReportReporter -->
<testsuite hostname="A2ML30049" name="io.mosip.registration.test.GlobalParamServiceTest" tests="2" failures="0" timestamp="10 Jan 2020 09:37:46 GMT" time="46.021" errors="0">
  <testcase name="regClient_GlobalParamService_synchConfigData" time="4.428" classname="io.mosip.registration.test.GlobalParamServiceTest"/>
  <testcase name="regClient_GlobalParamService_getGlobalParamsValues" time="41.593" classname="io.mosip.registration.test.GlobalParamServiceTest"/>
</testsuite> <!-- io.mosip.registration.test.GlobalParamServiceTest -->
