<?xml version="1.0" encoding="UTF-8"?>
<!-- Generated by org.testng.reporters.JUnitReportReporter -->
<testsuite hostname="A2ML30049" name="io.mosip.registration.test.LoginServiceRegCenterDetailTest" tests="7" failures="0" timestamp="13 Jan 2020 07:40:24 GMT" time="25.405" errors="0">
  <testcase name="regClient_LoginService_invalidRegCenterEmpty" time="0.016" classname="io.mosip.registration.test.LoginServiceRegCenterDetailTest"/>
  <testcase name="regClient_LoginService_invalidLangCodeEmpty" time="0.016" classname="io.mosip.registration.test.LoginServiceRegCenterDetailTest"/>
  <testcase name="regClient_LoginService_invalidLangCodeRegCenter" time="0.016" classname="io.mosip.registration.test.LoginServiceRegCenterDetailTest"/>
  <testcase name="regClient_LoginService_vaidateRegCenterDetail_smoke" time="25.305" classname="io.mosip.registration.test.LoginServiceRegCenterDetailTest"/>
  <testcase name="regClient_LoginService_invalidLangCodeRegCenter_empty" time="0.000" classname="io.mosip.registration.test.LoginServiceRegCenterDetailTest"/>
  <testcase name="regClient_LoginService_invalidRegCenter" time="0.037" classname="io.mosip.registration.test.LoginServiceRegCenterDetailTest"/>
  <testcase name="regClient_LoginService_invalidLangCode" time="0.015" classname="io.mosip.registration.test.LoginServiceRegCenterDetailTest"/>
</testsuite> <!-- io.mosip.registration.test.LoginServiceRegCenterDetailTest -->
