<?xml version="1.0" encoding="UTF-8"?>
<!-- Generated by org.testng.reporters.JUnitReportReporter -->
<testsuite hostname="A2ML30049" name="io.mosip.registration.test.LoginServiceLoginModesTest" tests="5" failures="0" timestamp="13 Jan 2020 06:59:22 GMT" time="54.282" errors="0">
  <testcase name="regClient_LoginService_invalidRoleList_empty" time="17.259" classname="io.mosip.registration.test.LoginServiceLoginModesTest"/>
  <testcase name="regClient_LoginService_invalidAuthTypeRoleList" time="0.449" classname="io.mosip.registration.test.LoginServiceLoginModesTest"/>
  <testcase name="regClient_LoginService_invalidAuthType_empty" time="0.326" classname="io.mosip.registration.test.LoginServiceLoginModesTest"/>
  <testcase name="regClient_LoginService_invalidAuthType" time="3.010" classname="io.mosip.registration.test.LoginServiceLoginModesTest"/>
  <testcase name="regClient_LoginService_validateModesOfLogin_smoke" time="33.238" classname="io.mosip.registration.test.LoginServiceLoginModesTest"/>
</testsuite> <!-- io.mosip.registration.test.LoginServiceLoginModesTest -->
