<?xml version="1.0" encoding="UTF-8"?>
<!-- Generated by org.testng.reporters.JUnitReportReporter -->
<testsuite hostname="A2ML30049" name="io.mosip.registration.test.LoginServiceScreenAuthorizationTest" tests="2" failures="0" timestamp="13 Jan 2020 10:34:26 GMT" time="60.489" errors="0">
  <testcase name="regClient_LoginService_validateScreenAuthorization_smoke" time="59.936" classname="io.mosip.registration.test.LoginServiceScreenAuthorizationTest"/>
  <testcase name="regClient_LoginService_invalidRole" time="0.553" classname="io.mosip.registration.test.LoginServiceScreenAuthorizationTest"/>
</testsuite> <!-- io.mosip.registration.test.LoginServiceScreenAuthorizationTest -->
