<?xml version="1.0" encoding="UTF-8"?>
<!-- Generated by org.testng.reporters.JUnitReportReporter -->
<testsuite hostname="A2ML30049" name="io.mosip.registration.test.PreRegistrationDataSyncServiceTest" tests="17" failures="0" timestamp="23 Jan 2020 11:50:57 GMT" time="107.904" errors="0">
  <testcase name="regClient_PreRegistrationDataSyncService_invalid_syncJobId_empty" time="0.029" classname="io.mosip.registration.test.PreRegistrationDataSyncServiceTest"/>
  <testcase name="regClient_PreRegistrationDataSyncService_fetchAndDeleteRecordsTest" time="0.194" classname="io.mosip.registration.test.PreRegistrationDataSyncServiceTest"/>
  <testcase name="regClient_PreRegistrationDataSyncService_invalid_regCenterId" time="7.250" classname="io.mosip.registration.test.PreRegistrationDataSyncServiceTest"/>
  <testcase name="regClient_PreRegistrationDataSyncService_invalid_regCenterId_null" time="3.784" classname="io.mosip.registration.test.PreRegistrationDataSyncServiceTest"/>
  <testcase name="regClient_PreRegistrationDataSyncService_invalid_regCenterId_space" time="0.376" classname="io.mosip.registration.test.PreRegistrationDataSyncServiceTest"/>
  <testcase name="regClient_PreRegistrationDataSyncService_invalid_packetAge" time="0.013" classname="io.mosip.registration.test.PreRegistrationDataSyncServiceTest"/>
  <testcase name="regClient_PreRegistrationDataSyncService_invalid_regCenterId_syncJobId_empty" time="0.004" classname="io.mosip.registration.test.PreRegistrationDataSyncServiceTest"/>
  <testcase name="regClient_PreRegistrationDataSyncService_invalid_regCenterId_syncJobId_space" time="0.495" classname="io.mosip.registration.test.PreRegistrationDataSyncServiceTest"/>
  <testcase name="regClient_PreRegistrationDataSync_RecordForDeletion" time="0.127" classname="io.mosip.registration.test.PreRegistrationDataSyncServiceTest"/>
  <testcase name="regClient_PreRegistrationDataSyncService_invalid_syncJobId" time="0.901" classname="io.mosip.registration.test.PreRegistrationDataSyncServiceTest"/>
  <testcase name="regClient_PreRegistrationDataSyncService_invalid_langCode" time="23.153" classname="io.mosip.registration.test.PreRegistrationDataSyncServiceTest"/>
  <testcase name="regClient_PreRegistrationDataSyncService_invalid_regCenterId_empty" time="2.559" classname="io.mosip.registration.test.PreRegistrationDataSyncServiceTest"/>
  <testcase name="regClient_PreRegistrationDataSyncService_invalid_syncJobId_space" time="0.445" classname="io.mosip.registration.test.PreRegistrationDataSyncServiceTest"/>
  <testcase name="regClient_PreRegistrationDataSyncService_validate_deletePreRegRecords_smoke" time="0.014" classname="io.mosip.registration.test.PreRegistrationDataSyncServiceTest"/>
  <testcase name="regClient_PreRegistrationDataSyncService_validate_getPreRegIds_smoke" time="67.940" classname="io.mosip.registration.test.PreRegistrationDataSyncServiceTest"/>
  <testcase name="regClient_PreRegistrationDataSyncService_invalid_syncJobId_null" time="0.028" classname="io.mosip.registration.test.PreRegistrationDataSyncServiceTest"/>
  <testcase name="regClient_PreRegistrationDataSyncService_invalid_syncJobId_regCenterId" time="0.592" classname="io.mosip.registration.test.PreRegistrationDataSyncServiceTest"/>
</testsuite> <!-- io.mosip.registration.test.PreRegistrationDataSyncServiceTest -->
