<?xml version="1.0" encoding="UTF-8"?>
<!-- Generated by org.testng.reporters.JUnitReportReporter -->
<testsuite hostname="A2ML30049" name="io.mosip.registration.test.PolicySyncServiceTest" tests="2" failures="0" timestamp="23 Jan 2020 11:41:18 GMT" time="130.814" errors="0">
  <testcase name="regClient_PolicySyncService_verifyingMessage" time="30.438" classname="io.mosip.registration.test.PolicySyncServiceTest"/>
  <testcase name="regClient_PolicySyncService_verifyingCode" time="100.376" classname="io.mosip.registration.test.PolicySyncServiceTest"/>
</testsuite> <!-- io.mosip.registration.test.PolicySyncServiceTest -->
