<?xml version="1.0" encoding="UTF-8"?>
<!-- Generated by org.testng.reporters.JUnitReportReporter -->
<testsuite hostname="A2ML30049" name="io.mosip.registration.test.PacketUploadServiceTest" tests="4" failures="0" timestamp="23 Jan 2020 11:23:35 GMT" time="235.468" errors="0">
  <testcase name="regClient_PacketUploadService_UpdateStatus_to_database" time="59.241" classname="io.mosip.registration.test.PacketUploadServiceTest"/>
  <testcase name="regClient_PacketUploadService_push_valid_packet_toServer" time="51.718" classname="io.mosip.registration.test.PacketUploadServiceTest"/>
  <testcase name="regClient_PacketUploadService_get_Synced_packets_to_Upload_in_Server" time="50.046" classname="io.mosip.registration.test.PacketUploadServiceTest"/>
  <testcase name="regClient_PacketUploadService_Push_DuplicatePacketToServer" time="74.463" classname="io.mosip.registration.test.PacketUploadServiceTest"/>
</testsuite> <!-- io.mosip.registration.test.PacketUploadServiceTest -->
