<?xml version="1.0" encoding="UTF-8"?>
<!-- Generated by org.testng.reporters.JUnitReportReporter -->
<testsuite hostname="A2ML30049" name="io.mosip.registration.test.EmailNotificationServiceTest" tests="5" failures="0" timestamp="10 Jan 2020 07:18:26 GMT" time="36.260" errors="0">
  <testcase name="regClient_EmailNotificationService_invalid_EmailID" time="31.035" classname="io.mosip.registration.test.EmailNotificationServiceTest"/>
  <testcase name="regClient_EmailNotificationService_invalid_message_empty" time="0.972" classname="io.mosip.registration.test.EmailNotificationServiceTest"/>
  <testcase name="regClient_EmailNotificationService_invalid_registrationId_empty" time="1.667" classname="io.mosip.registration.test.EmailNotificationServiceTest"/>
  <testcase name="regClient_EmailNotificationService_validateSendSMSTest_smoke" time="1.612" classname="io.mosip.registration.test.EmailNotificationServiceTest"/>
  <testcase name="regClient_EmailNotificationService_invalid_EmailID_empty" time="0.974" classname="io.mosip.registration.test.EmailNotificationServiceTest"/>
</testsuite> <!-- io.mosip.registration.test.EmailNotificationServiceTest -->
