<?xml version="1.0" encoding="UTF-8"?>
<!-- Generated by org.testng.reporters.JUnitReportReporter -->
<testsuite hostname="A2ML30049" name="io.mosip.registration.test.MasterSyncBlackListedWord" tests="3" failures="0" timestamp="13 Jan 2020 11:45:46 GMT" time="48.497" errors="0">
  <testcase name="regClient_BlackListedWordService_invalid_langcode_notHavingValue" time="0.354" classname="io.mosip.registration.test.MasterSyncBlackListedWord"/>
  <testcase name="regClient_BlackListedWordService_invalid_langCode_empty" time="30.936" classname="io.mosip.registration.test.MasterSyncBlackListedWord"/>
  <testcase name="regClient_BlackListedWordService_validateBlackListedWord_smoke" time="17.207" classname="io.mosip.registration.test.MasterSyncBlackListedWord"/>
</testsuite> <!-- io.mosip.registration.test.MasterSyncBlackListedWord -->
