<?xml version="1.0" encoding="UTF-8"?>
<!-- Generated by org.testng.reporters.JUnitReportReporter -->
<testsuite hostname="A2ML30049" name="io.mosip.registration.test.JobConfigurationTest" tests="6" failures="0" timestamp="10 Jan 2020 09:49:49 GMT" time="165.570" errors="0">
  <testcase name="regClient_JobConfigurationService_getSyncJobsTransaction" time="57.326" classname="io.mosip.registration.test.JobConfigurationTest"/>
  <testcase name="regClient_JobConfigurationService_startScheduler" time="14.938" classname="io.mosip.registration.test.JobConfigurationTest"/>
  <testcase name="regClient_JobConfigurationService_stopScheduler" time="0.015" classname="io.mosip.registration.test.JobConfigurationTest"/>
  <testcase name="regClient_JobConfigurationService_getLastCompletedSyncJobs" time="80.811" classname="io.mosip.registration.test.JobConfigurationTest"/>
  <testcase name="regClient_JobConfigurationService_initiateJobs" time="12.432" classname="io.mosip.registration.test.JobConfigurationTest"/>
  <testcase name="regClient_JobConfigurationService_getCurrentRunningJobDetails" time="0.048" classname="io.mosip.registration.test.JobConfigurationTest"/>
</testsuite> <!-- io.mosip.registration.test.JobConfigurationTest -->
