<?xml version="1.0" encoding="UTF-8"?>
<!-- Generated by org.testng.reporters.JUnitReportReporter -->
<testsuite hostname="A2ML30049" name="io.mosip.registration.test.DocumentScannerServiceTest" tests="11" failures="0" timestamp="9 Jan 2020 07:24:07 GMT" time="11.172" errors="0">
  <testcase name="regClient_DocumentScannerService_getImageBytesFromBufferedImage" time="0.031" classname="io.mosip.registration.test.DocumentScannerServiceTest"/>
  <testcase name="regClient_DocumentScannerService_getImageBytesFromBufferedImageTestNull" time="0.000" classname="io.mosip.registration.test.DocumentScannerServiceTest"/>
  <testcase name="regClient_DocumentScannerService_scanDocument" time="5.001" classname="io.mosip.registration.test.DocumentScannerServiceTest"/>
  <testcase name="regClient_DocumentScannerService_getSingleImageFromList" time="0.016" classname="io.mosip.registration.test.DocumentScannerServiceTest"/>
  <testcase name="regClient_DocumentScannerService_pdfToImages" time="0.232" classname="io.mosip.registration.test.DocumentScannerServiceTest"/>
  <testcase name="regClient_DocumentScannerService_getSingleImageFromListTestNull" time="0.000" classname="io.mosip.registration.test.DocumentScannerServiceTest"/>
  <testcase name="regClient_DocumentScannerService_getSinglePDFInBytesTestNull" time="0.000" classname="io.mosip.registration.test.DocumentScannerServiceTest"/>
  <testcase name="regClient_DocumentScannerService_isScannerConnected" time="5.030" classname="io.mosip.registration.test.DocumentScannerServiceTest"/>
  <testcase name="regClient_DocumentScannerService_getSingleImageAlternateFlow" time="0.069" classname="io.mosip.registration.test.DocumentScannerServiceTest"/>
  <testcase name="regClient_DocumentScannerService_pdfToImagesTestNull" time="0.015" classname="io.mosip.registration.test.DocumentScannerServiceTest"/>
  <testcase name="regClient_DocumentScannerService_getSinglePDFInBytes" time="0.778" classname="io.mosip.registration.test.DocumentScannerServiceTest"/>
</testsuite> <!-- io.mosip.registration.test.DocumentScannerServiceTest -->
