<?xml version="1.0" encoding="UTF-8"?>
<!-- Generated by org.testng.reporters.JUnitReportReporter -->
<testsuite hostname="A2ML30049" name="io.mosip.registration.test.MasterSyncDocumentCategory" tests="3" failures="0" timestamp="14 Jan 2020 04:58:03 GMT" time="178.385" errors="0">
  <testcase name="regClient_DocumentCategory_invalid_documentCode_notHavingValue" time="81.921" classname="io.mosip.registration.test.MasterSyncDocumentCategory"/>
  <testcase name="regClient_DocumentCategory_invalid_langCode_notHavingValue" time="67.562" classname="io.mosip.registration.test.MasterSyncDocumentCategory"/>
  <testcase name="regClient_DocumentCategory_validateDocumentCategory_smoke" time="28.902" classname="io.mosip.registration.test.MasterSyncDocumentCategory"/>
</testsuite> <!-- io.mosip.registration.test.MasterSyncDocumentCategory -->
