<?xml version="1.0" encoding="UTF-8"?>
<!-- Generated by org.testng.reporters.JUnitReportReporter -->
<testsuite hostname="A2ML30049" name="io.mosip.registration.test.LoginServiceUserDetailsTest" tests="2" failures="0" timestamp="13 Jan 2020 11:11:38 GMT" time="18.478" errors="0">
  <testcase name="regClient_LoginService_UserDetail_invalidUserId" time="0.030" classname="io.mosip.registration.test.LoginServiceUserDetailsTest"/>
  <testcase name="regClient_LoginService_validateUserDetails_smoke" time="18.448" classname="io.mosip.registration.test.LoginServiceUserDetailsTest"/>
</testsuite> <!-- io.mosip.registration.test.LoginServiceUserDetailsTest -->
