<?xml version="1.0" encoding="UTF-8"?>
<!-- Generated by org.testng.reporters.JUnitReportReporter -->
<testsuite hostname="A2ML29334" name="io.mosip.registration.test.SyncStatusValidatorServiceTest" tests="2" failures="0" timestamp="27 Aug 2020 12:09:57 GMT" time="0.266" errors="0">
  <testcase name="regClient_SyncStatusValidatorService_validate_validatingSucessResponse" time="0.114" classname="io.mosip.registration.test.SyncStatusValidatorServiceTest"/>
  <testcase name="regClient_SyncStatusValidatorService_validate_validatingErrorResponse" time="0.152" classname="io.mosip.registration.test.SyncStatusValidatorServiceTest"/>
</testsuite> <!-- io.mosip.registration.test.SyncStatusValidatorServiceTest -->
