<?xml version="1.0" encoding="UTF-8"?>
<!-- Generated by org.testng.reporters.JUnitReportReporter -->
<testsuite hostname="A2ML30049" name="io.mosip.registration.test.GlobalParamServiceTest" tests="2" failures="0" timestamp="9 Jul 2020 08:31:01 GMT" time="14.303" errors="0">
  <testcase name="regClient_GlobalParamService_getGlobalParamsValues" time="6.516" classname="io.mosip.registration.test.GlobalParamServiceTest"/>
  <testcase name="regClient_GlobalParamService_synchConfigData" time="7.787" classname="io.mosip.registration.test.GlobalParamServiceTest"/>
</testsuite> <!-- io.mosip.registration.test.GlobalParamServiceTest -->
