<?xml version="1.0" encoding="UTF-8"?>
<!-- Generated by org.testng.reporters.JUnitReportReporter -->
<testsuite hostname="A2ML30049" name="io.mosip.registration.test.PacketHandlerServiceWithPreRegIDTest" tests="12" failures="0" timestamp="9 Jul 2020 08:31:01 GMT" time="0.265" errors="0">
  <testcase name="regClient_PacketHandlerService_BioException_FingerPrint_with_PRID" time="0.017" classname="io.mosip.registration.test.PacketHandlerServiceWithPreRegIDTest"/>
  <testcase name="regClient_PacketHandlerService_ChildPacket_InvalidParentUIN" time="0.014" classname="io.mosip.registration.test.PacketHandlerServiceWithPreRegIDTest"/>
  <testcase name="regClient_PacketHandlerService_ValidChildPacket_With_ValidParentUIN" time="0.018" classname="io.mosip.registration.test.PacketHandlerServiceWithPreRegIDTest"/>
  <testcase name="regClient_PacketHandlerService_Duplicate_Bio&amp;Unique_Demo_Packet_with_PRID" time="0.031" classname="io.mosip.registration.test.PacketHandlerServiceWithPreRegIDTest"/>
  <testcase name="regClient_PacketHandlerService_ValidChildPacket_ValidParentRID" time="0.031" classname="io.mosip.registration.test.PacketHandlerServiceWithPreRegIDTest"/>
  <testcase name="regClient_PacketHandlerService_Duplicate_Demo&amp;Unique_Bio_Packets_with_PRID" time="0.012" classname="io.mosip.registration.test.PacketHandlerServiceWithPreRegIDTest"/>
  <testcase name="regClient_PacketHandlerService_AdultPacket_with_PreRegId_withDocs" time="0.057" classname="io.mosip.registration.test.PacketHandlerServiceWithPreRegIDTest"/>
  <testcase name="regClient_PacketHandlerService_ChildPacket_InvalidParentRID" time="0.020" classname="io.mosip.registration.test.PacketHandlerServiceWithPreRegIDTest"/>
  <testcase name="regClient_PacketHandlerService_BioException_Iris_with_PRID" time="0.013" classname="io.mosip.registration.test.PacketHandlerServiceWithPreRegIDTest"/>
  <testcase name="regClient_PacketHandlerService_AdultPacket_with_PreRegID_withoutDocs" time="0.019" classname="io.mosip.registration.test.PacketHandlerServiceWithPreRegIDTest"/>
  <testcase name="regClient_PacketHandlerService_Valid_Unique_Packets_with_PRID" time="0.018" classname="io.mosip.registration.test.PacketHandlerServiceWithPreRegIDTest"/>
  <testcase name="regClient_PacketHandlerService_ChildPacket_with_PreRegID_withoutDocs_With_ParentRID" time="0.015" classname="io.mosip.registration.test.PacketHandlerServiceWithPreRegIDTest"/>
</testsuite> <!-- io.mosip.registration.test.PacketHandlerServiceWithPreRegIDTest -->
