<?xml version="1.0" encoding="UTF-8"?>
<!-- Generated by org.testng.reporters.JUnitReportReporter -->
<testsuite hostname="A2ML30049" name="io.mosip.registration.test.AuditServiceTest" tests="5" failures="0" timestamp="9 Jul 2020 08:31:01 GMT" time="0.214" errors="0">
  <testcase name="regClient_AuditService_delete_AuditLogs_configuredDaysAs_NoLogs" time="0.013" classname="io.mosip.registration.test.AuditServiceTest"/>
  <testcase name="regClient_AuditService_delete_AuditLogs_configuredDaysAs_futureDays" time="0.108" classname="io.mosip.registration.test.AuditServiceTest"/>
  <testcase name="regClient_AuditService_delete_AuditLogs_configuredDaysAs_currentDate" time="0.061" classname="io.mosip.registration.test.AuditServiceTest"/>
  <testcase name="regClient_AuditService_delete_AuditLogs_configuredDaysAs_NULL" time="0.000" classname="io.mosip.registration.test.AuditServiceTest"/>
  <testcase name="regClient_AuditService_delete_AuditLogs_configuredAs_3days" time="0.032" classname="io.mosip.registration.test.AuditServiceTest"/>
</testsuite> <!-- io.mosip.registration.test.AuditServiceTest -->
