<?xml version="1.0" encoding="UTF-8"?>
<!-- Generated by org.testng.reporters.JUnitReportReporter -->
<testsuite hostname="A2ML29334" name="io.mosip.registration.test.RegPacketStatusServiceDeleteRegistrationTest" tests="2" failures="0" timestamp="27 Aug 2020 12:09:57 GMT" time="26.525" errors="0">
  <testcase name="regClient_RegpacketStatusService_Delete_RegistrationPackets_created_10days_back" time="12.739" classname="io.mosip.registration.test.RegPacketStatusServiceDeleteRegistrationTest"/>
  <testcase name="regClient_RegpacketStatusService_Delete_currently_created_RegistrationPackets" time="13.786" classname="io.mosip.registration.test.RegPacketStatusServiceDeleteRegistrationTest"/>
</testsuite> <!-- io.mosip.registration.test.RegPacketStatusServiceDeleteRegistrationTest -->
