<?xml version="1.0" encoding="UTF-8"?>
<!-- Generated by org.testng.reporters.JUnitReportReporter -->
<testsuite hostname="A2ML29334" name="io.mosip.registration.test.MasterSyncGenderDetail" tests="6" failures="0" timestamp="27 Aug 2020 12:09:57 GMT" time="41.122" errors="0">
  <testcase name="regClient_GenderDetail_validateBlackListedWord_smoke" time="5.165" classname="io.mosip.registration.test.MasterSyncGenderDetail"/>
  <testcase name="regClient_GenderDetail_invalid_langcode_notHavingValue" time="10.293" classname="io.mosip.registration.test.MasterSyncGenderDetail"/>
  <testcase name="regClient_GenderDetail_invalid_langCode_empty" time="4.817" classname="io.mosip.registration.test.MasterSyncGenderDetail"/>
  <testcase name="regClient_GenderDetail_invalid_langcode_notHavingValue" time="4.807" classname="io.mosip.registration.test.MasterSyncGenderDetail"/>
  <testcase name="regClient_GenderDetail_validateBlackListedWord_smoke" time="8.693" classname="io.mosip.registration.test.MasterSyncGenderDetail"/>
  <testcase name="regClient_GenderDetail_invalid_langCode_empty" time="7.347" classname="io.mosip.registration.test.MasterSyncGenderDetail"/>
</testsuite> <!-- io.mosip.registration.test.MasterSyncGenderDetail -->
