<?xml version="1.0" encoding="UTF-8"?>
<!-- Generated by org.testng.reporters.JUnitReportReporter -->
<testsuite hostname="A2ML30049" name="io.mosip.registration.test.JobConfigurationTest" tests="6" failures="0" timestamp="9 Jul 2020 08:31:01 GMT" time="14.460" errors="0">
  <testcase name="regClient_JobConfigurationService_getSyncJobsTransaction" time="7.160" classname="io.mosip.registration.test.JobConfigurationTest"/>
  <testcase name="regClient_JobConfigurationService_initiateJobs" time="0.021" classname="io.mosip.registration.test.JobConfigurationTest"/>
  <testcase name="regClient_JobConfigurationService_getLastCompletedSyncJobs" time="7.246" classname="io.mosip.registration.test.JobConfigurationTest"/>
  <testcase name="regClient_JobConfigurationService_startScheduler" time="0.001" classname="io.mosip.registration.test.JobConfigurationTest"/>
  <testcase name="regClient_JobConfigurationService_stopScheduler" time="0.001" classname="io.mosip.registration.test.JobConfigurationTest"/>
  <testcase name="regClient_JobConfigurationService_getCurrentRunningJobDetails" time="0.031" classname="io.mosip.registration.test.JobConfigurationTest"/>
</testsuite> <!-- io.mosip.registration.test.JobConfigurationTest -->
