<?xml version="1.0" encoding="UTF-8"?>
<!-- Generated by org.testng.reporters.JUnitReportReporter -->
<testsuite hostname="A2ML29334" name="io.mosip.registration.test.LoginServiceScreenAuthorizationTest" tests="2" failures="0" timestamp="27 Aug 2020 12:09:57 GMT" time="12.456" errors="0">
  <testcase name="regClient_LoginService_invalidRole" time="4.811" classname="io.mosip.registration.test.LoginServiceScreenAuthorizationTest"/>
  <testcase name="regClient_LoginService_validateScreenAuthorization_smoke" time="7.645" classname="io.mosip.registration.test.LoginServiceScreenAuthorizationTest"/>
</testsuite> <!-- io.mosip.registration.test.LoginServiceScreenAuthorizationTest -->
