<?xml version="1.0" encoding="UTF-8"?>
<!-- Generated by org.testng.reporters.JUnitReportReporter -->
<testsuite hostname="A2ML29334" name="io.mosip.registration.test.EmailNotificationServiceTest" tests="5" failures="0" timestamp="27 Aug 2020 12:09:57 GMT" time="36.938" errors="0">
  <testcase name="regClient_EmailNotificationService_invalid_message_empty" time="10.577" classname="io.mosip.registration.test.EmailNotificationServiceTest"/>
  <testcase name="regClient_EmailNotificationService_validateSendSMSTest_smoke" time="8.651" classname="io.mosip.registration.test.EmailNotificationServiceTest"/>
  <testcase name="regClient_EmailNotificationService_invalid_EmailID_empty" time="4.632" classname="io.mosip.registration.test.EmailNotificationServiceTest"/>
  <testcase name="regClient_EmailNotificationService_invalid_registrationId_empty" time="4.035" classname="io.mosip.registration.test.EmailNotificationServiceTest"/>
  <testcase name="regClient_EmailNotificationService_invalid_EmailID" time="9.043" classname="io.mosip.registration.test.EmailNotificationServiceTest"/>
</testsuite> <!-- io.mosip.registration.test.EmailNotificationServiceTest -->
