<?xml version="1.0" encoding="UTF-8"?>
<!-- Generated by org.testng.reporters.JUnitReportReporter -->
<testsuite hostname="A2ML30049" name="io.mosip.registration.test.ZipCreationServiceTest" tests="5" failures="0" timestamp="9 Jul 2020 08:31:01 GMT" time="32.689" errors="0">
  <testcase name="regClient_ZipCreationService_createPacketcheckedExceptionNullInputTest" time="6.449" classname="io.mosip.registration.test.ZipCreationServiceTest"/>
  <testcase name="regClient_ZipCreationService_createPacketcheckedExceptionEmptyInputsTest" time="6.460" classname="io.mosip.registration.test.ZipCreationServiceTest"/>
  <testcase name="regClient_ZipCreationService_createPacketCheckedExceptionTest" time="6.236" classname="io.mosip.registration.test.ZipCreationServiceTest"/>
  <testcase name="regClient_ZipCreationService_createPacketcheckedExceptionIncompleteInputTest" time="7.099" classname="io.mosip.registration.test.ZipCreationServiceTest"/>
  <testcase name="regClient_ZipCreationService_createPacketcheckedExceptionEmptyFileInputTest" time="6.445" classname="io.mosip.registration.test.ZipCreationServiceTest"/>
</testsuite> <!-- io.mosip.registration.test.ZipCreationServiceTest -->
