<?xml version="1.0" encoding="UTF-8"?>
<!-- Generated by org.testng.reporters.JUnitReportReporter -->
<testsuite hostname="A2ML29334" name="io.mosip.registration.test.PacketHandlerServiceUpdateUINTest" tests="16" failures="0" timestamp="27 Aug 2020 12:09:57 GMT" time="100.400" errors="0">
  <testcase name="regClient_PacketHandlerService_UpdateUIN_Valid_Gender" time="6.462" classname="io.mosip.registration.test.PacketHandlerServiceUpdateUINTest"/>
  <testcase name="regClient_PacketHandlerService_UpdateUIN_Valid_Age" time="3.813" classname="io.mosip.registration.test.PacketHandlerServiceUpdateUINTest"/>
  <testcase name="regClient_PacketHandlerService_UpdateUIN_Valid_ParentOrGaurdian_LeftIRIS" time="4.972" classname="io.mosip.registration.test.PacketHandlerServiceUpdateUINTest"/>
  <testcase name="regClient_PacketHandlerService_UpdateUIN_InvalidUIN" time="7.858" classname="io.mosip.registration.test.PacketHandlerServiceUpdateUINTest"/>
  <testcase name="regClient_PacketHandlerService_UpdateUIN_Biometric_IRIS" time="4.983" classname="io.mosip.registration.test.PacketHandlerServiceUpdateUINTest"/>
  <testcase name="regClient_PacketHandlerService_UpdateUIN_Valid_ParentOrGaurdian_Thumb" time="6.969" classname="io.mosip.registration.test.PacketHandlerServiceUpdateUINTest"/>
  <testcase name="regClient_PacketHandlerService_UpdateUIN_Valid_PHONE" time="8.430" classname="io.mosip.registration.test.PacketHandlerServiceUpdateUINTest"/>
  <testcase name="regClient_PacketHandlerService_UpdateUIN_Valid_CNIE_Number" time="4.386" classname="io.mosip.registration.test.PacketHandlerServiceUpdateUINTest"/>
  <testcase name="regClient_PacketHandlerService_UpdateUIN_Valid_ParentOrGaurdian_LeftSlap" time="6.207" classname="io.mosip.registration.test.PacketHandlerServiceUpdateUINTest"/>
  <testcase name="regClient_PacketHandlerService_UpdateUIN_Valid_ParentOrGaurdian_RightIRIS" time="4.369" classname="io.mosip.registration.test.PacketHandlerServiceUpdateUINTest"/>
  <testcase name="regClient_PacketHandlerService_UpdateUIN_Valid_Address" time="4.678" classname="io.mosip.registration.test.PacketHandlerServiceUpdateUINTest"/>
  <testcase name="regClient_PacketHandlerService_UpdateUIN_Valid_Name" time="7.302" classname="io.mosip.registration.test.PacketHandlerServiceUpdateUINTest"/>
  <testcase name="regClient_PacketHandlerService_UpdateUIN_Valid_foreigner" time="4.924" classname="io.mosip.registration.test.PacketHandlerServiceUpdateUINTest"/>
  <testcase name="regClient_PacketHandlerService_UpdateUIN_Valid_ParentOrGaurdian_RightSlap" time="12.156" classname="io.mosip.registration.test.PacketHandlerServiceUpdateUINTest"/>
  <testcase name="regClient_PacketHandlerService_UpdateUIN_Valid_Email" time="7.744" classname="io.mosip.registration.test.PacketHandlerServiceUpdateUINTest"/>
  <testcase name="regClient_PacketHandlerService_UpdateUIN_Biometric_FingerPrint" time="5.147" classname="io.mosip.registration.test.PacketHandlerServiceUpdateUINTest"/>
</testsuite> <!-- io.mosip.registration.test.PacketHandlerServiceUpdateUINTest -->
