<?xml version="1.0" encoding="UTF-8"?>
<!-- Generated by org.testng.reporters.JUnitReportReporter -->
<testsuite hostname="A2ML29334" name="io.mosip.registration.test.PacketSyncServiceTest" tests="7" failures="0" timestamp="27 Aug 2020 12:09:57 GMT" time="52.918" errors="0">
  <testcase name="regClient_PacketSyncService_SynValidPacketsToServer" time="7.067" classname="io.mosip.registration.test.PacketSyncServiceTest"/>
  <testcase name="regClient_PacketSyncService_SynEODPacketsToServer" time="14.646" classname="io.mosip.registration.test.PacketSyncServiceTest"/>
  <testcase name="regClient_PacketSyncService_Sync_single_packet_Valid" time="6.634" classname="io.mosip.registration.test.PacketSyncServiceTest"/>
  <testcase name="regClient_PacketSyncService_validate_UpdateSyncStatus" time="6.102" classname="io.mosip.registration.test.PacketSyncServiceTest"/>
  <testcase name="regClient_PacketSyncService_Sync_single_packet_Invalid" time="5.086" classname="io.mosip.registration.test.PacketSyncServiceTest"/>
  <testcase name="regClient_PacketSyncService_SyncInvalidPacketToServer" time="7.895" classname="io.mosip.registration.test.PacketSyncServiceTest"/>
  <testcase name="regClient_PacketSyncService_validate_PacketsFetchedToBeSynced" time="5.488" classname="io.mosip.registration.test.PacketSyncServiceTest"/>
</testsuite> <!-- io.mosip.registration.test.PacketSyncServiceTest -->
