<?xml version="1.0" encoding="UTF-8"?>
<!-- Generated by org.testng.reporters.JUnitReportReporter -->
<testsuite hostname="A2ML30049" name="io.mosip.registration.test.LoginServiceUserDetailsTest" tests="2" failures="0" timestamp="9 Jul 2020 08:31:01 GMT" time="0.046" errors="0">
  <testcase name="regClient_LoginService_validateUserDetails_smoke" time="0.025" classname="io.mosip.registration.test.LoginServiceUserDetailsTest"/>
  <testcase name="regClient_LoginService_UserDetail_invalidUserId" time="0.021" classname="io.mosip.registration.test.LoginServiceUserDetailsTest"/>
</testsuite> <!-- io.mosip.registration.test.LoginServiceUserDetailsTest -->
