<?xml version="1.0" encoding="UTF-8"?>
<!-- Generated by org.testng.reporters.JUnitReportReporter -->
<testsuite hostname="A2ML29334" name="io.mosip.registration.test.MasterSyncIndividualType" tests="5" failures="0" timestamp="27 Aug 2020 12:09:57 GMT" time="27.633" errors="0">
  <testcase name="regClient_IndividualType_invalid_LangCode_empty" time="6.875" classname="io.mosip.registration.test.MasterSyncIndividualType"/>
  <testcase name="regClient_IndividualType_invalid_Code_empty" time="4.111" classname="io.mosip.registration.test.MasterSyncIndividualType"/>
  <testcase name="regClient_IndividualType_validateIndividualType_smoke" time="5.365" classname="io.mosip.registration.test.MasterSyncIndividualType"/>
  <testcase name="regClient_IndividualType_invalid_langCode_notPresentInDB" time="6.715" classname="io.mosip.registration.test.MasterSyncIndividualType"/>
  <testcase name="regClient_IndividualType_invalid_Code_notPresentInDB" time="4.567" classname="io.mosip.registration.test.MasterSyncIndividualType"/>
</testsuite> <!-- io.mosip.registration.test.MasterSyncIndividualType -->
