<?xml version="1.0" encoding="UTF-8"?>
<!-- Generated by org.testng.reporters.JUnitReportReporter -->
<testsuite hostname="A2ML29334" name="io.mosip.registration.test.TemplateServiceTest" tests="12" failures="0" timestamp="27 Aug 2020 12:09:57 GMT" time="68.210" errors="0">
  <testcase name="regClient_TemplateService__HtmlTemplate_invalidTemplateType" time="2.958" classname="io.mosip.registration.test.TemplateServiceTest"/>
  <testcase name="regClient_TemplateService__HtmlTemplate_invalidTemplateTypeLangCode_empty" time="9.129" classname="io.mosip.registration.test.TemplateServiceTest"/>
  <testcase name="regClient_TemplateService_validateTemplateType_smoke" time="5.366" classname="io.mosip.registration.test.TemplateServiceTest"/>
  <testcase name="regClient_TemplateService__HtmlTemplate_invalidLangCode_empty" time="4.246" classname="io.mosip.registration.test.TemplateServiceTest"/>
  <testcase name="regClient_TemplateService__HtmlTemplate_invalidTemplateType_empty" time="7.144" classname="io.mosip.registration.test.TemplateServiceTest"/>
  <testcase name="regClient_TemplateService_invalidTemplateTypeLangCode_empty" time="8.191" classname="io.mosip.registration.test.TemplateServiceTest"/>
  <testcase name="regClient_TemplateService_invalidTemplateType_empty" time="7.184" classname="io.mosip.registration.test.TemplateServiceTest"/>
  <testcase name="regClient_TemplateService_invalidLangCode" time="6.148" classname="io.mosip.registration.test.TemplateServiceTest"/>
  <testcase name="regClient_TemplateService__HtmlTemplate_validateTemplateType_smoke" time="5.076" classname="io.mosip.registration.test.TemplateServiceTest"/>
  <testcase name="regClient_TemplateService_invalidTemplateType" time="2.868" classname="io.mosip.registration.test.TemplateServiceTest"/>
  <testcase name="regClient_TemplateService__HtmlTemplate_invalidLangCode" time="6.976" classname="io.mosip.registration.test.TemplateServiceTest"/>
  <testcase name="regClient_TemplateService_invalidLangCode_empty" time="2.924" classname="io.mosip.registration.test.TemplateServiceTest"/>
</testsuite> <!-- io.mosip.registration.test.TemplateServiceTest -->
