<?xml version="1.0" encoding="UTF-8"?>
<!-- Generated by org.testng.reporters.JUnitReportReporter -->
<testsuite hostname="A2ML29334" name="io.mosip.registration.test.ZipCreationServiceTest" tests="5" failures="0" timestamp="27 Aug 2020 12:09:57 GMT" time="28.692" errors="0">
  <testcase name="regClient_ZipCreationService_createPacketCheckedExceptionTest" time="4.921" classname="io.mosip.registration.test.ZipCreationServiceTest"/>
  <testcase name="regClient_ZipCreationService_createPacketcheckedExceptionIncompleteInputTest" time="4.992" classname="io.mosip.registration.test.ZipCreationServiceTest"/>
  <testcase name="regClient_ZipCreationService_createPacketcheckedExceptionEmptyInputsTest" time="4.928" classname="io.mosip.registration.test.ZipCreationServiceTest"/>
  <testcase name="regClient_ZipCreationService_createPacketcheckedExceptionNullInputTest" time="6.956" classname="io.mosip.registration.test.ZipCreationServiceTest"/>
  <testcase name="regClient_ZipCreationService_createPacketcheckedExceptionEmptyFileInputTest" time="6.895" classname="io.mosip.registration.test.ZipCreationServiceTest"/>
</testsuite> <!-- io.mosip.registration.test.ZipCreationServiceTest -->
