<?xml version="1.0" encoding="UTF-8"?>
<!-- Generated by org.testng.reporters.JUnitReportReporter -->
<testsuite hostname="A2ML29334" name="io.mosip.registration.test.GlobalParamServiceTest" tests="2" failures="0" timestamp="27 Aug 2020 12:09:57 GMT" time="10.498" errors="0">
  <testcase name="regClient_GlobalParamService_synchConfigData" time="4.858" classname="io.mosip.registration.test.GlobalParamServiceTest"/>
  <testcase name="regClient_GlobalParamService_getGlobalParamsValues" time="5.640" classname="io.mosip.registration.test.GlobalParamServiceTest"/>
</testsuite> <!-- io.mosip.registration.test.GlobalParamServiceTest -->
