<?xml version="1.0" encoding="UTF-8"?>
<!-- Generated by org.testng.reporters.JUnitReportReporter -->
<testsuite hostname="A2ML29334" name="io.mosip.registration.test.LoginServiceUserDetailsTest" tests="1" failures="0" timestamp="27 Aug 2020 12:09:57 GMT" time="0.016" errors="0">
  <testcase name="regClient_LoginService_validateUserDetails_smoke" time="0.016" classname="io.mosip.registration.test.LoginServiceUserDetailsTest"/>
</testsuite> <!-- io.mosip.registration.test.LoginServiceUserDetailsTest -->
