<?xml version="1.0" encoding="UTF-8"?>
<!-- Generated by org.testng.reporters.JUnitReportReporter -->
<testsuite hostname="A2ML30049" name="io.mosip.registration.test.PolicySyncServiceTest" tests="2" failures="0" timestamp="9 Jul 2020 08:31:01 GMT" time="15.405" errors="0">
  <testcase name="regClient_PolicySyncService_verifyingCode" time="7.342" classname="io.mosip.registration.test.PolicySyncServiceTest"/>
  <testcase name="regClient_PolicySyncService_verifyingMessage" time="8.063" classname="io.mosip.registration.test.PolicySyncServiceTest"/>
</testsuite> <!-- io.mosip.registration.test.PolicySyncServiceTest -->
