<?xml version="1.0" encoding="UTF-8"?>
<!-- Generated by org.testng.reporters.JUnitReportReporter -->
<testsuite hostname="A2ML30049" name="io.mosip.registration.test.PacketUploadServiceTest" tests="4" failures="0" timestamp="9 Jul 2020 08:31:01 GMT" time="39.169" errors="0">
  <testcase name="regClient_PacketUploadService_Push_DuplicatePacketToServer" time="13.737" classname="io.mosip.registration.test.PacketUploadServiceTest"/>
  <testcase name="regClient_PacketUploadService_get_Synced_packets_to_Upload_in_Server" time="6.052" classname="io.mosip.registration.test.PacketUploadServiceTest"/>
  <testcase name="regClient_PacketUploadService_UpdateStatus_to_database" time="6.547" classname="io.mosip.registration.test.PacketUploadServiceTest"/>
  <testcase name="regClient_PacketUploadService_push_valid_packet_toServer" time="12.833" classname="io.mosip.registration.test.PacketUploadServiceTest"/>
</testsuite> <!-- io.mosip.registration.test.PacketUploadServiceTest -->
