<?xml version="1.0" encoding="UTF-8"?>
<!-- Generated by org.testng.reporters.JUnitReportReporter -->
<testsuite hostname="A2ML29334" name="io.mosip.registration.test.PacketUploadServiceTest" tests="4" failures="0" timestamp="27 Aug 2020 12:09:57 GMT" time="40.738" errors="0">
  <testcase name="regClient_PacketUploadService_UpdateStatus_to_database" time="8.855" classname="io.mosip.registration.test.PacketUploadServiceTest"/>
  <testcase name="regClient_PacketUploadService_push_valid_packet_toServer" time="9.536" classname="io.mosip.registration.test.PacketUploadServiceTest"/>
  <testcase name="regClient_PacketUploadService_get_Synced_packets_to_Upload_in_Server" time="7.619" classname="io.mosip.registration.test.PacketUploadServiceTest"/>
  <testcase name="regClient_PacketUploadService_Push_DuplicatePacketToServer" time="14.728" classname="io.mosip.registration.test.PacketUploadServiceTest"/>
</testsuite> <!-- io.mosip.registration.test.PacketUploadServiceTest -->
