<?xml version="1.0" encoding="UTF-8"?>
<!-- Generated by org.testng.reporters.JUnitReportReporter -->
<testsuite hostname="A2ML29334" name="io.mosip.registration.test.RegPacketStatusServicePacketSyncStatusTest" tests="2" failures="0" timestamp="27 Aug 2020 12:09:57 GMT" time="25.675" errors="0">
  <testcase name="regClient_RegpacketStatusService_Invalid_Sync_packet_RegID_with_lessthan_29chars" time="8.092" classname="io.mosip.registration.test.RegPacketStatusServicePacketSyncStatusTest"/>
  <testcase name="regClient_RegpacketStatusService_SyncPackets_with_ClientStatusCode_PUSHED_smoke" time="17.583" classname="io.mosip.registration.test.RegPacketStatusServicePacketSyncStatusTest"/>
</testsuite> <!-- io.mosip.registration.test.RegPacketStatusServicePacketSyncStatusTest -->
