<?xml version="1.0" encoding="UTF-8"?>
<!-- Generated by org.testng.reporters.JUnitReportReporter -->
<testsuite hostname="A2ML30049" name="io.mosip.registration.test.LoginServiceUpdateLoginParamTest" tests="2" failures="0" timestamp="9 Jul 2020 08:31:01 GMT" time="0.008" errors="0">
  <testcase name="regClient_LoginService_invalidUserId" time="0.003" classname="io.mosip.registration.test.LoginServiceUpdateLoginParamTest"/>
  <testcase name="regClient_LoginService_validateLoginParam_smoke" time="0.005" classname="io.mosip.registration.test.LoginServiceUpdateLoginParamTest"/>
</testsuite> <!-- io.mosip.registration.test.LoginServiceUpdateLoginParamTest -->
