<?xml version="1.0" encoding="UTF-8"?>
<!-- Generated by org.testng.reporters.JUnitReportReporter -->
<testsuite hostname="A2ML29334" name="io.mosip.registration.test.SMSNotificationServiceTest" tests="5" failures="0" timestamp="27 Aug 2020 12:09:57 GMT" time="25.255" errors="0">
  <testcase name="regClient_SMSNotificationService_invalid_mobileNumber_empty" time="3.479" classname="io.mosip.registration.test.SMSNotificationServiceTest"/>
  <testcase name="regClient_SMSNotificationService_invalid_registrationId_empty" time="7.559" classname="io.mosip.registration.test.SMSNotificationServiceTest"/>
  <testcase name="regClient_SMSNotificationService_invalid_mobileNumber" time="4.327" classname="io.mosip.registration.test.SMSNotificationServiceTest"/>
  <testcase name="regClient_SMSNotificationService_invalid_message_empty" time="4.465" classname="io.mosip.registration.test.SMSNotificationServiceTest"/>
  <testcase name="regClient_SMSNotificationService_validateSendSMSTest_smoke" time="5.425" classname="io.mosip.registration.test.SMSNotificationServiceTest"/>
</testsuite> <!-- io.mosip.registration.test.SMSNotificationServiceTest -->
