<?xml version="1.0" encoding="UTF-8"?>
<!-- Generated by org.testng.reporters.JUnitReportReporter -->
<testsuite hostname="A2ML29334" name="io.mosip.registration.test.MasterSyncProvianceByHierarchyCode" tests="5" failures="0" timestamp="27 Aug 2020 12:09:57 GMT" time="54.867" errors="0">
  <testcase name="regClient_ProvinceByHierarchyCode_invalid_langCode_empty" time="11.520" classname="io.mosip.registration.test.MasterSyncProvianceByHierarchyCode"/>
  <testcase name="regClient_ProvinceByHierarchyCode_validateLocationByparentLocationCode_smoke" time="8.983" classname="io.mosip.registration.test.MasterSyncProvianceByHierarchyCode"/>
  <testcase name="regClient_ProvinceByHierarchyCode_invalid_hierarchyName_notPresentInDB" time="11.815" classname="io.mosip.registration.test.MasterSyncProvianceByHierarchyCode"/>
  <testcase name="regClient_ProvinceByHierarchyCode_invalid_parentLocationCode_empty" time="14.885" classname="io.mosip.registration.test.MasterSyncProvianceByHierarchyCode"/>
  <testcase name="regClient_ProvinceByHierarchyCode_invalid_langCode_notPresentInDB" time="7.664" classname="io.mosip.registration.test.MasterSyncProvianceByHierarchyCode"/>
</testsuite> <!-- io.mosip.registration.test.MasterSyncProvianceByHierarchyCode -->
