<?xml version="1.0" encoding="UTF-8"?>
<!-- Generated by org.testng.reporters.JUnitReportReporter -->
<testsuite hostname="A2ML30049" name="io.mosip.registration.test.StorageServiceTest" tests="2" failures="0" timestamp="9 Jul 2020 08:31:01 GMT" time="12.573" errors="0">
  <testcase name="regClient_StorageService_NewFolderToStore_Packet" time="6.279" classname="io.mosip.registration.test.StorageServiceTest"/>
  <testcase name="regClient_StorageService_NoFolderToStore_Packet" time="6.294" classname="io.mosip.registration.test.StorageServiceTest"/>
</testsuite> <!-- io.mosip.registration.test.StorageServiceTest -->
