<?xml version="1.0" encoding="UTF-8"?>
<!-- Generated by org.testng.reporters.JUnitReportReporter -->
<testsuite hostname="A2ML29334" name="io.mosip.registration.test.RegistrationApprovalServiceTest" tests="5" failures="0" timestamp="27 Aug 2020 12:09:57 GMT" time="31.438" errors="0">
  <testcase name="regClient_RegistrationApprovalService_validateUpdateRegistration_smoke" time="6.285" classname="io.mosip.registration.test.RegistrationApprovalServiceTest"/>
  <testcase name="regClient_RegistrationApprovalService_getEnrolment_invalidStatus" time="12.278" classname="io.mosip.registration.test.RegistrationApprovalServiceTest"/>
  <testcase name="regClient_RegistrationApprovalService_getEnrolment_invalidStatus_empty" time="3.437" classname="io.mosip.registration.test.RegistrationApprovalServiceTest"/>
  <testcase name="regClient_RegistrationApprovalService_getEnrolment_invalidStatus_space" time="3.368" classname="io.mosip.registration.test.RegistrationApprovalServiceTest"/>
  <testcase name="regClient_RegistrationApprovalService_getEnrolment_validateEnrolment_smoke" time="6.070" classname="io.mosip.registration.test.RegistrationApprovalServiceTest"/>
</testsuite> <!-- io.mosip.registration.test.RegistrationApprovalServiceTest -->
