<?xml version="1.0" encoding="UTF-8"?>
<!-- Generated by org.testng.reporters.JUnitReportReporter -->
<testsuite hostname="A2ML30049" name="io.mosip.registration.test.LoginServiceScreenAuthorizationTest" tests="2" failures="0" timestamp="9 Jul 2020 08:31:01 GMT" time="13.216" errors="0">
  <testcase name="regClient_LoginService_invalidRole" time="6.891" classname="io.mosip.registration.test.LoginServiceScreenAuthorizationTest"/>
  <testcase name="regClient_LoginService_validateScreenAuthorization_smoke" time="6.325" classname="io.mosip.registration.test.LoginServiceScreenAuthorizationTest"/>
</testsuite> <!-- io.mosip.registration.test.LoginServiceScreenAuthorizationTest -->
