<?xml version="1.0" encoding="UTF-8"?>
<!-- Generated by org.testng.reporters.JUnitReportReporter -->
<testsuite hostname="A2ML29334" name="io.mosip.registration.test.PacketHandlerServiceTest" tests="11" failures="0" timestamp="27 Aug 2020 12:09:57 GMT" time="141.322" errors="0">
  <testcase name="regClient_PacketHandlerService_ChildFaceAuthPacket" time="10.437" classname="io.mosip.registration.test.PacketHandlerServiceTest"/>
  <testcase name="regClient_PacketHandlerService_Resident_FingerPrint_Bio_Exception" time="12.691" classname="io.mosip.registration.test.PacketHandlerServiceTest"/>
  <testcase name="regClient_PacketHandlerService_Child_Packet_InvalidParentRID" time="12.317" classname="io.mosip.registration.test.PacketHandlerServiceTest"/>
  <testcase name="regClient_PacketHandlerService_ChildPacket_InvalidParentUIN" time="10.294" classname="io.mosip.registration.test.PacketHandlerServiceTest"/>
  <testcase name="regClient_PacketHandlerService_ChildPacket-ValidParent_RID" time="8.125" classname="io.mosip.registration.test.PacketHandlerServiceTest"/>
  <testcase name="regClient_PacketHandlerService_ChildResidentBiometricPacketCreation" time="12.387" classname="io.mosip.registration.test.PacketHandlerServiceTest"/>
  <testcase name="regClient_PacketHandlerService_Duplicate_Bio&amp;Unique_Demo_Packet" time="21.649" classname="io.mosip.registration.test.PacketHandlerServiceTest"/>
  <testcase name="regClient_PacketHandlerService_Resident_Iris_Bio_Exception" time="13.082" classname="io.mosip.registration.test.PacketHandlerServiceTest"/>
  <testcase name="regClient_PacketHandlerService_Duplicate_Demo&amp;Unique_Bio_Packet" time="13.219" classname="io.mosip.registration.test.PacketHandlerServiceTest"/>
  <testcase name="regClient_PacketHandlerService_ChildPacket_ValidParentUIN" time="14.703" classname="io.mosip.registration.test.PacketHandlerServiceTest"/>
  <testcase name="regClient_PacketHandlerService_ResidentNonBiometricPacketCreation" time="12.418" classname="io.mosip.registration.test.PacketHandlerServiceTest"/>
</testsuite> <!-- io.mosip.registration.test.PacketHandlerServiceTest -->
