<?xml version="1.0" encoding="UTF-8"?>
<!-- Generated by org.testng.reporters.JUnitReportReporter -->
<testsuite hostname="A2ML29334" name="io.mosip.registration.test.LoginServiceUpdateLoginParamTest" tests="2" failures="0" timestamp="27 Aug 2020 12:09:57 GMT" time="0.011" errors="0">
  <testcase name="regClient_LoginService_validateLoginParam_smoke" time="0.005" classname="io.mosip.registration.test.LoginServiceUpdateLoginParamTest"/>
  <testcase name="regClient_LoginService_invalidUserId" time="0.006" classname="io.mosip.registration.test.LoginServiceUpdateLoginParamTest"/>
</testsuite> <!-- io.mosip.registration.test.LoginServiceUpdateLoginParamTest -->
