<?xml version="1.0" encoding="UTF-8"?>
<!-- Generated by org.testng.reporters.JUnitReportReporter -->
<testsuite hostname="A2ML30049" name="io.mosip.registration.test.PacketHandlerServiceUpdateUINTest" tests="16" failures="0" timestamp="9 Jul 2020 08:31:01 GMT" time="106.578" errors="0">
  <testcase name="regClient_PacketHandlerService_UpdateUIN_Biometric_IRIS" time="5.812" classname="io.mosip.registration.test.PacketHandlerServiceUpdateUINTest"/>
  <testcase name="regClient_PacketHandlerService_UpdateUIN_Biometric_FingerPrint" time="5.833" classname="io.mosip.registration.test.PacketHandlerServiceUpdateUINTest"/>
  <testcase name="regClient_PacketHandlerService_UpdateUIN_Valid_CNIE_Number" time="5.831" classname="io.mosip.registration.test.PacketHandlerServiceUpdateUINTest"/>
  <testcase name="regClient_PacketHandlerService_UpdateUIN_Valid_ParentOrGaurdian_LeftSlap" time="5.652" classname="io.mosip.registration.test.PacketHandlerServiceUpdateUINTest"/>
  <testcase name="regClient_PacketHandlerService_UpdateUIN_Valid_Age" time="6.579" classname="io.mosip.registration.test.PacketHandlerServiceUpdateUINTest"/>
  <testcase name="regClient_PacketHandlerService_UpdateUIN_Valid_ParentOrGaurdian_RightSlap" time="5.863" classname="io.mosip.registration.test.PacketHandlerServiceUpdateUINTest"/>
  <testcase name="regClient_PacketHandlerService_UpdateUIN_Valid_Address" time="5.816" classname="io.mosip.registration.test.PacketHandlerServiceUpdateUINTest"/>
  <testcase name="regClient_PacketHandlerService_UpdateUIN_Valid_foreigner" time="6.810" classname="io.mosip.registration.test.PacketHandlerServiceUpdateUINTest"/>
  <testcase name="regClient_PacketHandlerService_UpdateUIN_Valid_ParentOrGaurdian_LeftIRIS" time="5.899" classname="io.mosip.registration.test.PacketHandlerServiceUpdateUINTest"/>
  <testcase name="regClient_PacketHandlerService_UpdateUIN_Valid_PHONE" time="5.806" classname="io.mosip.registration.test.PacketHandlerServiceUpdateUINTest"/>
  <testcase name="regClient_PacketHandlerService_UpdateUIN_Valid_ParentOrGaurdian_Thumb" time="12.114" classname="io.mosip.registration.test.PacketHandlerServiceUpdateUINTest"/>
  <testcase name="regClient_PacketHandlerService_UpdateUIN_InvalidUIN" time="5.950" classname="io.mosip.registration.test.PacketHandlerServiceUpdateUINTest"/>
  <testcase name="regClient_PacketHandlerService_UpdateUIN_Valid_Name" time="5.620" classname="io.mosip.registration.test.PacketHandlerServiceUpdateUINTest"/>
  <testcase name="regClient_PacketHandlerService_UpdateUIN_Valid_Email" time="6.305" classname="io.mosip.registration.test.PacketHandlerServiceUpdateUINTest"/>
  <testcase name="regClient_PacketHandlerService_UpdateUIN_Valid_ParentOrGaurdian_RightIRIS" time="11.004" classname="io.mosip.registration.test.PacketHandlerServiceUpdateUINTest"/>
  <testcase name="regClient_PacketHandlerService_UpdateUIN_Valid_Gender" time="5.684" classname="io.mosip.registration.test.PacketHandlerServiceUpdateUINTest"/>
</testsuite> <!-- io.mosip.registration.test.PacketHandlerServiceUpdateUINTest -->
