<?xml version="1.0" encoding="UTF-8"?>
<!-- Generated by org.testng.reporters.JUnitReportReporter -->
<testsuite hostname="A2ML30049" name="io.mosip.registration.test.UserOnboardValidateTest" tests="9" failures="0" timestamp="9 Jul 2020 08:31:01 GMT" time="61.150" errors="0">
  <testcase name="regClient_UserOnboardService_Valid_UserOnboard_AllMarkedException" time="6.205" classname="io.mosip.registration.test.UserOnboardValidateTest"/>
  <testcase name="regClient_UserOnboardService_Valid_UserOnboard_Thumb_FingerPrintException" time="6.589" classname="io.mosip.registration.test.UserOnboardValidateTest"/>
  <testcase name="regClient_UserOnboardService_Valid_UserOnboard_RightSlap_FingerPrintException" time="6.242" classname="io.mosip.registration.test.UserOnboardValidateTest"/>
  <testcase name="regClient_UserOnboardService_Valid_UserOnboard_FaceException" time="8.279" classname="io.mosip.registration.test.UserOnboardValidateTest"/>
  <testcase name="regClient_UserOnboardService_Valid_UserOnboard_LeftSlap_FingerPrintException" time="6.994" classname="io.mosip.registration.test.UserOnboardValidateTest"/>
  <testcase name="regClient_UserOnboardService_Valid_UserOnboard_All_Biometric_smoke" time="6.828" classname="io.mosip.registration.test.UserOnboardValidateTest"/>
  <testcase name="regClient_UserOnboardService_Valid_UserOnboard_Right_IrisException" time="6.226" classname="io.mosip.registration.test.UserOnboardValidateTest"/>
  <testcase name="regClient_UserOnboardService_Valid_UserOnboard_Left_IrisException" time="6.433" classname="io.mosip.registration.test.UserOnboardValidateTest"/>
  <testcase name="regClient_UserOnboardService_Valid_MachineCenterDetails_smoke" time="7.354" classname="io.mosip.registration.test.UserOnboardValidateTest"/>
</testsuite> <!-- io.mosip.registration.test.UserOnboardValidateTest -->
