<?xml version="1.0" encoding="UTF-8"?>
<!-- Generated by org.testng.reporters.JUnitReportReporter -->
<testsuite hostname="A2ML30049" name="io.mosip.registration.test.MasterSyncGenderDetail" tests="6" failures="0" timestamp="9 Jul 2020 08:31:01 GMT" time="46.667" errors="0">
  <testcase name="regClient_GenderDetail_invalid_langCode_empty" time="5.846" classname="io.mosip.registration.test.MasterSyncGenderDetail"/>
  <testcase name="regClient_GenderDetail_invalid_langCode_empty" time="9.685" classname="io.mosip.registration.test.MasterSyncGenderDetail"/>
  <testcase name="regClient_GenderDetail_invalid_langcode_notHavingValue" time="6.180" classname="io.mosip.registration.test.MasterSyncGenderDetail"/>
  <testcase name="regClient_GenderDetail_invalid_langcode_notHavingValue" time="9.158" classname="io.mosip.registration.test.MasterSyncGenderDetail"/>
  <testcase name="regClient_GenderDetail_validateBlackListedWord_smoke" time="6.067" classname="io.mosip.registration.test.MasterSyncGenderDetail"/>
  <testcase name="regClient_GenderDetail_validateBlackListedWord_smoke" time="9.731" classname="io.mosip.registration.test.MasterSyncGenderDetail"/>
</testsuite> <!-- io.mosip.registration.test.MasterSyncGenderDetail -->
