<?xml version="1.0" encoding="UTF-8"?>
<!-- Generated by org.testng.reporters.JUnitReportReporter -->
<testsuite hostname="A2ML30049" name="io.mosip.registration.test.LoginServiceRegCenterDetailTest" tests="7" failures="0" timestamp="9 Jul 2020 08:31:01 GMT" time="0.131" errors="0">
  <testcase name="regClient_LoginService_invalidLangCode" time="0.032" classname="io.mosip.registration.test.LoginServiceRegCenterDetailTest"/>
  <testcase name="regClient_LoginService_invalidLangCodeRegCenter" time="0.027" classname="io.mosip.registration.test.LoginServiceRegCenterDetailTest"/>
  <testcase name="regClient_LoginService_invalidLangCodeEmpty" time="0.006" classname="io.mosip.registration.test.LoginServiceRegCenterDetailTest"/>
  <testcase name="regClient_LoginService_invalidLangCodeRegCenter_empty" time="0.002" classname="io.mosip.registration.test.LoginServiceRegCenterDetailTest"/>
  <testcase name="regClient_LoginService_invalidRegCenter" time="0.033" classname="io.mosip.registration.test.LoginServiceRegCenterDetailTest"/>
  <testcase name="regClient_LoginService_invalidRegCenterEmpty" time="0.009" classname="io.mosip.registration.test.LoginServiceRegCenterDetailTest"/>
  <testcase name="regClient_LoginService_vaidateRegCenterDetail_smoke" time="0.022" classname="io.mosip.registration.test.LoginServiceRegCenterDetailTest"/>
</testsuite> <!-- io.mosip.registration.test.LoginServiceRegCenterDetailTest -->
