<?xml version="1.0" encoding="UTF-8"?>
<!-- Generated by org.testng.reporters.JUnitReportReporter -->
<testsuite hostname="A2ML29334" name="io.mosip.registration.test.ReRegistrationServiceTest" tests="2" failures="0" timestamp="27 Aug 2020 12:09:57 GMT" time="8.166" errors="0">
  <testcase name="regClient_ReregistrationService_validate_getAllReRegistrationPackets" time="4.527" classname="io.mosip.registration.test.ReRegistrationServiceTest"/>
  <testcase name="regClient_ReregistrationService_validate_updateReRegistrationStatusApprovedpacket" time="3.639" classname="io.mosip.registration.test.ReRegistrationServiceTest"/>
</testsuite> <!-- io.mosip.registration.test.ReRegistrationServiceTest -->
