<?xml version="1.0" encoding="UTF-8"?>
<!-- Generated by org.testng.reporters.JUnitReportReporter -->
<testsuite hostname="A2ML30049" name="io.mosip.registration.test.LoginServiceLoginModesTest" tests="5" failures="0" timestamp="9 Jul 2020 08:31:01 GMT" time="0.186" errors="0">
  <testcase name="regClient_LoginService_invalidAuthType" time="0.051" classname="io.mosip.registration.test.LoginServiceLoginModesTest"/>
  <testcase name="regClient_LoginService_invalidAuthType_empty" time="0.009" classname="io.mosip.registration.test.LoginServiceLoginModesTest"/>
  <testcase name="regClient_LoginService_validateModesOfLogin_smoke" time="0.071" classname="io.mosip.registration.test.LoginServiceLoginModesTest"/>
  <testcase name="regClient_LoginService_invalidRoleList_empty" time="0.024" classname="io.mosip.registration.test.LoginServiceLoginModesTest"/>
  <testcase name="regClient_LoginService_invalidAuthTypeRoleList" time="0.031" classname="io.mosip.registration.test.LoginServiceLoginModesTest"/>
</testsuite> <!-- io.mosip.registration.test.LoginServiceLoginModesTest -->
