<?xml version="1.0" encoding="UTF-8"?>
<!-- Generated by org.testng.reporters.JUnitReportReporter -->
<testsuite hostname="A2ML29334" name="io.mosip.registration.test.PreRegistrationDataSyncServiceTest" tests="17" failures="0" timestamp="27 Aug 2020 12:09:57 GMT" time="12.594" errors="0">
  <testcase name="regClient_PreRegistrationDataSyncService_invalid_syncJobId_null" time="0.011" classname="io.mosip.registration.test.PreRegistrationDataSyncServiceTest"/>
  <testcase name="regClient_PreRegistrationDataSyncService_invalid_syncJobId_space" time="2.083" classname="io.mosip.registration.test.PreRegistrationDataSyncServiceTest"/>
  <testcase name="regClient_PreRegistrationDataSyncService_invalid_packetAge" time="0.010" classname="io.mosip.registration.test.PreRegistrationDataSyncServiceTest"/>
  <testcase name="regClient_PreRegistrationDataSyncService_invalid_regCenterId_syncJobId_space" time="0.934" classname="io.mosip.registration.test.PreRegistrationDataSyncServiceTest"/>
  <testcase name="regClient_PreRegistrationDataSyncService_validate_deletePreRegRecords_smoke" time="0.009" classname="io.mosip.registration.test.PreRegistrationDataSyncServiceTest"/>
  <testcase name="regClient_PreRegistrationDataSyncService_invalid_langCode" time="0.626" classname="io.mosip.registration.test.PreRegistrationDataSyncServiceTest"/>
  <testcase name="regClient_PreRegistrationDataSyncService_invalid_regCenterId_space" time="1.604" classname="io.mosip.registration.test.PreRegistrationDataSyncServiceTest"/>
  <testcase name="regClient_PreRegistrationDataSyncService_invalid_regCenterId_null" time="0.304" classname="io.mosip.registration.test.PreRegistrationDataSyncServiceTest"/>
  <testcase name="regClient_PreRegistrationDataSyncService_invalid_syncJobId" time="2.075" classname="io.mosip.registration.test.PreRegistrationDataSyncServiceTest"/>
  <testcase name="regClient_PreRegistrationDataSyncService_validate_getPreRegIds_smoke" time="0.019" classname="io.mosip.registration.test.PreRegistrationDataSyncServiceTest"/>
  <testcase name="regClient_PreRegistrationDataSyncService_invalid_regCenterId_syncJobId_empty" time="0.006" classname="io.mosip.registration.test.PreRegistrationDataSyncServiceTest"/>
  <testcase name="regClient_PreRegistrationDataSyncService_invalid_regCenterId" time="1.330" classname="io.mosip.registration.test.PreRegistrationDataSyncServiceTest"/>
  <testcase name="regClient_PreRegistrationDataSync_RecordForDeletion" time="0.003" classname="io.mosip.registration.test.PreRegistrationDataSyncServiceTest"/>
  <testcase name="regClient_PreRegistrationDataSyncService_fetchAndDeleteRecordsTest" time="0.020" classname="io.mosip.registration.test.PreRegistrationDataSyncServiceTest"/>
  <testcase name="regClient_PreRegistrationDataSyncService_invalid_syncJobId_empty" time="0.018" classname="io.mosip.registration.test.PreRegistrationDataSyncServiceTest"/>
  <testcase name="regClient_PreRegistrationDataSyncService_invalid_syncJobId_regCenterId" time="3.070" classname="io.mosip.registration.test.PreRegistrationDataSyncServiceTest"/>
  <testcase name="regClient_PreRegistrationDataSyncService_invalid_regCenterId_empty" time="0.472" classname="io.mosip.registration.test.PreRegistrationDataSyncServiceTest"/>
</testsuite> <!-- io.mosip.registration.test.PreRegistrationDataSyncServiceTest -->
