<?xml version="1.0" encoding="UTF-8"?>
<!-- Generated by org.testng.reporters.JUnitReportReporter -->
<testsuite hostname="A2ML29334" name="io.mosip.registration.test.UserOnboardValidateTest" tests="9" failures="0" timestamp="27 Aug 2020 12:09:57 GMT" time="49.802" errors="0">
  <testcase name="regClient_UserOnboardService_Valid_UserOnboard_All_Biometric_smoke" time="6.098" classname="io.mosip.registration.test.UserOnboardValidateTest"/>
  <testcase name="regClient_UserOnboardService_Valid_UserOnboard_AllMarkedException" time="5.887" classname="io.mosip.registration.test.UserOnboardValidateTest"/>
  <testcase name="regClient_UserOnboardService_Valid_UserOnboard_RightSlap_FingerPrintException" time="6.962" classname="io.mosip.registration.test.UserOnboardValidateTest"/>
  <testcase name="regClient_UserOnboardService_Valid_UserOnboard_Right_IrisException" time="2.992" classname="io.mosip.registration.test.UserOnboardValidateTest"/>
  <testcase name="regClient_UserOnboardService_Valid_UserOnboard_FaceException" time="4.912" classname="io.mosip.registration.test.UserOnboardValidateTest"/>
  <testcase name="regClient_UserOnboardService_Valid_UserOnboard_LeftSlap_FingerPrintException" time="7.019" classname="io.mosip.registration.test.UserOnboardValidateTest"/>
  <testcase name="regClient_UserOnboardService_Valid_MachineCenterDetails_smoke" time="3.849" classname="io.mosip.registration.test.UserOnboardValidateTest"/>
  <testcase name="regClient_UserOnboardService_Valid_UserOnboard_Left_IrisException" time="7.005" classname="io.mosip.registration.test.UserOnboardValidateTest"/>
  <testcase name="regClient_UserOnboardService_Valid_UserOnboard_Thumb_FingerPrintException" time="5.078" classname="io.mosip.registration.test.UserOnboardValidateTest"/>
</testsuite> <!-- io.mosip.registration.test.UserOnboardValidateTest -->
