<?xml version="1.0" encoding="UTF-8"?>
<!-- Generated by org.testng.reporters.JUnitReportReporter -->
<testsuite hostname="A2ML30049" name="io.mosip.registration.test.PreRegistrationDataSyncServiceTest" tests="17" failures="0" timestamp="9 Jul 2020 08:31:01 GMT" time="7.392" errors="0">
  <testcase name="regClient_PreRegistrationDataSyncService_invalid_syncJobId_empty" time="0.036" classname="io.mosip.registration.test.PreRegistrationDataSyncServiceTest"/>
  <testcase name="regClient_PreRegistrationDataSync_RecordForDeletion" time="0.015" classname="io.mosip.registration.test.PreRegistrationDataSyncServiceTest"/>
  <testcase name="regClient_PreRegistrationDataSyncService_fetchAndDeleteRecordsTest" time="0.035" classname="io.mosip.registration.test.PreRegistrationDataSyncServiceTest"/>
  <testcase name="regClient_PreRegistrationDataSyncService_invalid_syncJobId" time="1.950" classname="io.mosip.registration.test.PreRegistrationDataSyncServiceTest"/>
  <testcase name="regClient_PreRegistrationDataSyncService_invalid_syncJobId_null" time="0.035" classname="io.mosip.registration.test.PreRegistrationDataSyncServiceTest"/>
  <testcase name="regClient_PreRegistrationDataSyncService_validate_deletePreRegRecords_smoke" time="0.022" classname="io.mosip.registration.test.PreRegistrationDataSyncServiceTest"/>
  <testcase name="regClient_PreRegistrationDataSyncService_invalid_packetAge" time="0.017" classname="io.mosip.registration.test.PreRegistrationDataSyncServiceTest"/>
  <testcase name="regClient_PreRegistrationDataSyncService_invalid_regCenterId_syncJobId_space" time="0.974" classname="io.mosip.registration.test.PreRegistrationDataSyncServiceTest"/>
  <testcase name="regClient_PreRegistrationDataSyncService_invalid_regCenterId_empty" time="0.292" classname="io.mosip.registration.test.PreRegistrationDataSyncServiceTest"/>
  <testcase name="regClient_PreRegistrationDataSyncService_invalid_regCenterId_syncJobId_empty" time="0.006" classname="io.mosip.registration.test.PreRegistrationDataSyncServiceTest"/>
  <testcase name="regClient_PreRegistrationDataSyncService_invalid_langCode" time="0.828" classname="io.mosip.registration.test.PreRegistrationDataSyncServiceTest"/>
  <testcase name="regClient_PreRegistrationDataSyncService_invalid_syncJobId_regCenterId" time="0.817" classname="io.mosip.registration.test.PreRegistrationDataSyncServiceTest"/>
  <testcase name="regClient_PreRegistrationDataSyncService_invalid_syncJobId_space" time="0.837" classname="io.mosip.registration.test.PreRegistrationDataSyncServiceTest"/>
  <testcase name="regClient_PreRegistrationDataSyncService_invalid_regCenterId" time="0.627" classname="io.mosip.registration.test.PreRegistrationDataSyncServiceTest"/>
  <testcase name="regClient_PreRegistrationDataSyncService_validate_getPreRegIds_smoke" time="0.017" classname="io.mosip.registration.test.PreRegistrationDataSyncServiceTest"/>
  <testcase name="regClient_PreRegistrationDataSyncService_invalid_regCenterId_null" time="0.290" classname="io.mosip.registration.test.PreRegistrationDataSyncServiceTest"/>
  <testcase name="regClient_PreRegistrationDataSyncService_invalid_regCenterId_space" time="0.594" classname="io.mosip.registration.test.PreRegistrationDataSyncServiceTest"/>
</testsuite> <!-- io.mosip.registration.test.PreRegistrationDataSyncServiceTest -->
