<?xml version="1.0" encoding="UTF-8"?>
<!-- Generated by org.testng.reporters.JUnitReportReporter -->
<testsuite hostname="A2ML29334" name="io.mosip.registration.test.MasterSyncLocationByHierarchyCode" tests="5" failures="0" timestamp="27 Aug 2020 12:09:57 GMT" time="31.215" errors="0">
  <testcase name="regClient_LocationByHierarchyCode_validateLocationByHierarchyCode_smoke" time="7.145" classname="io.mosip.registration.test.MasterSyncLocationByHierarchyCode"/>
  <testcase name="regClient_LocationByHierarchyCode_invalid_langCode_notPresentInDB" time="7.734" classname="io.mosip.registration.test.MasterSyncLocationByHierarchyCode"/>
  <testcase name="regClient_LocationByHierarchyCode_invalid_hierarchyName_empty" time="6.880" classname="io.mosip.registration.test.MasterSyncLocationByHierarchyCode"/>
  <testcase name="regClient_LocationByHierarchyCode_invalid_hierarchyName_notPresentInDB" time="3.679" classname="io.mosip.registration.test.MasterSyncLocationByHierarchyCode"/>
  <testcase name="regClient_LocationByHierarchyCode_invalid_langCode_empty" time="5.777" classname="io.mosip.registration.test.MasterSyncLocationByHierarchyCode"/>
</testsuite> <!-- io.mosip.registration.test.MasterSyncLocationByHierarchyCode -->
