<?xml version="1.0" encoding="UTF-8"?>
<!-- Generated by org.testng.reporters.JUnitReportReporter -->
<testsuite hostname="A2ML30049" name="io.mosip.registration.test.SyncStatusValidatorServiceTest" tests="2" failures="0" timestamp="9 Jul 2020 08:31:01 GMT" time="0.297" errors="0">
  <testcase name="regClient_SyncStatusValidatorService_validate_validatingSucessResponse" time="0.110" classname="io.mosip.registration.test.SyncStatusValidatorServiceTest"/>
  <testcase name="regClient_SyncStatusValidatorService_validate_validatingErrorResponse" time="0.187" classname="io.mosip.registration.test.SyncStatusValidatorServiceTest"/>
</testsuite> <!-- io.mosip.registration.test.SyncStatusValidatorServiceTest -->
