<?xml version="1.0" encoding="UTF-8"?>
<!-- Generated by org.testng.reporters.JUnitReportReporter -->
<testsuite hostname="A2ML29334" name="io.mosip.registration.test.MasterSyncDocumentCategory" tests="3" failures="0" timestamp="27 Aug 2020 12:09:57 GMT" time="19.365" errors="0">
  <testcase name="regClient_DocumentCategory_invalid_langCode_notHavingValue" time="3.637" classname="io.mosip.registration.test.MasterSyncDocumentCategory"/>
  <testcase name="regClient_DocumentCategory_validateDocumentCategory_smoke" time="8.646" classname="io.mosip.registration.test.MasterSyncDocumentCategory"/>
  <testcase name="regClient_DocumentCategory_invalid_documentCode_notHavingValue" time="7.082" classname="io.mosip.registration.test.MasterSyncDocumentCategory"/>
</testsuite> <!-- io.mosip.registration.test.MasterSyncDocumentCategory -->
