<?xml version="1.0" encoding="UTF-8"?>
<!-- Generated by org.testng.reporters.JUnitReportReporter -->
<testsuite hostname="A2ML30049" name="io.mosip.registration.test.ReRegistrationServiceTest" tests="2" failures="0" timestamp="9 Jul 2020 08:31:01 GMT" time="12.930" errors="0">
  <testcase name="regClient_ReregistrationService_validate_updateReRegistrationStatusApprovedpacket" time="6.287" classname="io.mosip.registration.test.ReRegistrationServiceTest"/>
  <testcase name="regClient_ReregistrationService_validate_getAllReRegistrationPackets" time="6.643" classname="io.mosip.registration.test.ReRegistrationServiceTest"/>
</testsuite> <!-- io.mosip.registration.test.ReRegistrationServiceTest -->
