<?xml version="1.0" encoding="UTF-8"?>
<!-- Generated by org.testng.reporters.JUnitReportReporter -->
<testsuite hostname="A2ML29334" name="io.mosip.registration.test.PacketHandlerServiceWithPreRegIDTest" tests="12" failures="0" timestamp="27 Aug 2020 12:09:57 GMT" time="0.271" errors="0">
  <testcase name="regClient_PacketHandlerService_ChildPacket_InvalidParentUIN" time="0.014" classname="io.mosip.registration.test.PacketHandlerServiceWithPreRegIDTest"/>
  <testcase name="regClient_PacketHandlerService_Valid_Unique_Packets_with_PRID" time="0.028" classname="io.mosip.registration.test.PacketHandlerServiceWithPreRegIDTest"/>
  <testcase name="regClient_PacketHandlerService_ValidChildPacket_With_ValidParentUIN" time="0.020" classname="io.mosip.registration.test.PacketHandlerServiceWithPreRegIDTest"/>
  <testcase name="regClient_PacketHandlerService_BioException_FingerPrint_with_PRID" time="0.021" classname="io.mosip.registration.test.PacketHandlerServiceWithPreRegIDTest"/>
  <testcase name="regClient_PacketHandlerService_AdultPacket_with_PreRegId_withDocs" time="0.040" classname="io.mosip.registration.test.PacketHandlerServiceWithPreRegIDTest"/>
  <testcase name="regClient_PacketHandlerService_ChildPacket_InvalidParentRID" time="0.014" classname="io.mosip.registration.test.PacketHandlerServiceWithPreRegIDTest"/>
  <testcase name="regClient_PacketHandlerService_BioException_Iris_with_PRID" time="0.015" classname="io.mosip.registration.test.PacketHandlerServiceWithPreRegIDTest"/>
  <testcase name="regClient_PacketHandlerService_Duplicate_Demo&amp;Unique_Bio_Packets_with_PRID" time="0.023" classname="io.mosip.registration.test.PacketHandlerServiceWithPreRegIDTest"/>
  <testcase name="regClient_PacketHandlerService_Duplicate_Bio&amp;Unique_Demo_Packet_with_PRID" time="0.029" classname="io.mosip.registration.test.PacketHandlerServiceWithPreRegIDTest"/>
  <testcase name="regClient_PacketHandlerService_AdultPacket_with_PreRegID_withoutDocs" time="0.020" classname="io.mosip.registration.test.PacketHandlerServiceWithPreRegIDTest"/>
  <testcase name="regClient_PacketHandlerService_ValidChildPacket_ValidParentRID" time="0.025" classname="io.mosip.registration.test.PacketHandlerServiceWithPreRegIDTest"/>
  <testcase name="regClient_PacketHandlerService_ChildPacket_with_PreRegID_withoutDocs_With_ParentRID" time="0.022" classname="io.mosip.registration.test.PacketHandlerServiceWithPreRegIDTest"/>
</testsuite> <!-- io.mosip.registration.test.PacketHandlerServiceWithPreRegIDTest -->
