<?xml version="1.0" encoding="UTF-8"?>
<!-- Generated by org.testng.reporters.JUnitReportReporter -->
<testsuite hostname="A2ML29334" name="io.mosip.registration.test.PolicySyncServiceTest" tests="2" failures="0" timestamp="27 Aug 2020 12:09:57 GMT" time="23.903" errors="0">
  <testcase name="regClient_PolicySyncService_verifyingCode" time="12.926" classname="io.mosip.registration.test.PolicySyncServiceTest"/>
  <testcase name="regClient_PolicySyncService_verifyingMessage" time="10.977" classname="io.mosip.registration.test.PolicySyncServiceTest"/>
</testsuite> <!-- io.mosip.registration.test.PolicySyncServiceTest -->
