<?xml version="1.0" encoding="UTF-8"?>
<!-- Generated by org.testng.reporters.JUnitReportReporter -->
<testsuite hostname="A2ML30049" name="io.mosip.registration.test.RegPacketStatusServiceSyncPacketsTest" tests="1" failures="0" timestamp="9 Jul 2020 08:31:01 GMT" time="7.991" errors="0">
  <testcase name="regClient_RegpacketStatusService_sync_packets_to_server" time="7.991" classname="io.mosip.registration.test.RegPacketStatusServiceSyncPacketsTest"/>
</testsuite> <!-- io.mosip.registration.test.RegPacketStatusServiceSyncPacketsTest -->
