<?xml version="1.0" encoding="UTF-8"?>
<!-- Generated by org.testng.reporters.JUnitReportReporter -->
<testsuite hostname="A2ML30049" name="io.mosip.registration.test.EmailNotificationServiceTest" tests="5" failures="0" timestamp="9 Jul 2020 08:31:01 GMT" time="40.554" errors="0">
  <testcase name="regClient_EmailNotificationService_invalid_EmailID" time="6.320" classname="io.mosip.registration.test.EmailNotificationServiceTest"/>
  <testcase name="regClient_EmailNotificationService_validateSendSMSTest_smoke" time="12.326" classname="io.mosip.registration.test.EmailNotificationServiceTest"/>
  <testcase name="regClient_EmailNotificationService_invalid_EmailID_empty" time="9.258" classname="io.mosip.registration.test.EmailNotificationServiceTest"/>
  <testcase name="regClient_EmailNotificationService_invalid_message_empty" time="5.947" classname="io.mosip.registration.test.EmailNotificationServiceTest"/>
  <testcase name="regClient_EmailNotificationService_invalid_registrationId_empty" time="6.703" classname="io.mosip.registration.test.EmailNotificationServiceTest"/>
</testsuite> <!-- io.mosip.registration.test.EmailNotificationServiceTest -->
