<?xml version="1.0" encoding="UTF-8"?>
<!-- Generated by org.testng.reporters.JUnitReportReporter -->
<testsuite hostname="A2ML29334" name="io.mosip.registration.test.StorageServiceTest" tests="2" failures="0" timestamp="27 Aug 2020 12:09:57 GMT" time="6.652" errors="0">
  <testcase name="regClient_StorageService_NewFolderToStore_Packet" time="3.167" classname="io.mosip.registration.test.StorageServiceTest"/>
  <testcase name="regClient_StorageService_NoFolderToStore_Packet" time="3.485" classname="io.mosip.registration.test.StorageServiceTest"/>
</testsuite> <!-- io.mosip.registration.test.StorageServiceTest -->
