<?xml version="1.0" encoding="UTF-8"?>
<!-- Generated by org.testng.reporters.JUnitReportReporter -->
<testsuite hostname="A2ML30049" name="io.mosip.registration.test.MasterSyncDocumentCategory" tests="3" failures="0" timestamp="9 Jul 2020 08:31:01 GMT" time="20.366" errors="0">
  <testcase name="regClient_DocumentCategory_validateDocumentCategory_smoke" time="7.333" classname="io.mosip.registration.test.MasterSyncDocumentCategory"/>
  <testcase name="regClient_DocumentCategory_invalid_documentCode_notHavingValue" time="6.901" classname="io.mosip.registration.test.MasterSyncDocumentCategory"/>
  <testcase name="regClient_DocumentCategory_invalid_langCode_notHavingValue" time="6.132" classname="io.mosip.registration.test.MasterSyncDocumentCategory"/>
</testsuite> <!-- io.mosip.registration.test.MasterSyncDocumentCategory -->
