<?xml version="1.0" encoding="UTF-8"?>
<!-- Generated by org.testng.reporters.JUnitReportReporter -->
<testsuite hostname="A2ML30049" name="io.mosip.registration.test.SMSNotificationServiceTest" tests="5" failures="0" timestamp="9 Jul 2020 08:31:01 GMT" time="36.067" errors="0">
  <testcase name="regClient_SMSNotificationService_invalid_message_empty" time="6.609" classname="io.mosip.registration.test.SMSNotificationServiceTest"/>
  <testcase name="regClient_SMSNotificationService_invalid_registrationId_empty" time="6.674" classname="io.mosip.registration.test.SMSNotificationServiceTest"/>
  <testcase name="regClient_SMSNotificationService_invalid_mobileNumber_empty" time="7.681" classname="io.mosip.registration.test.SMSNotificationServiceTest"/>
  <testcase name="regClient_SMSNotificationService_invalid_mobileNumber" time="8.476" classname="io.mosip.registration.test.SMSNotificationServiceTest"/>
  <testcase name="regClient_SMSNotificationService_validateSendSMSTest_smoke" time="6.627" classname="io.mosip.registration.test.SMSNotificationServiceTest"/>
</testsuite> <!-- io.mosip.registration.test.SMSNotificationServiceTest -->
