<?xml version="1.0" encoding="UTF-8"?>
<!-- Generated by org.testng.reporters.JUnitReportReporter -->
<testsuite hostname="A2ML30049" name="io.mosip.registration.test.RegPacketStatusServicePacketSyncStatusTest" tests="2" failures="0" timestamp="9 Jul 2020 08:31:01 GMT" time="29.931" errors="0">
  <testcase name="regClient_RegpacketStatusService_Invalid_Sync_packet_RegID_with_lessthan_29chars" time="10.124" classname="io.mosip.registration.test.RegPacketStatusServicePacketSyncStatusTest"/>
  <testcase name="regClient_RegpacketStatusService_SyncPackets_with_ClientStatusCode_PUSHED_smoke" time="19.807" classname="io.mosip.registration.test.RegPacketStatusServicePacketSyncStatusTest"/>
</testsuite> <!-- io.mosip.registration.test.RegPacketStatusServicePacketSyncStatusTest -->
