<?xml version="1.0" encoding="UTF-8"?>
<!-- Generated by org.testng.reporters.JUnitReportReporter -->
<testsuite hostname="A2ML30049" name="io.mosip.registration.test.DocumentScannerServiceTest" tests="10" failures="0" timestamp="9 Jul 2020 08:31:01 GMT" time="1.931" errors="0">
  <testcase name="regClient_DocumentScannerService_getSingleImageFromList" time="0.014" classname="io.mosip.registration.test.DocumentScannerServiceTest"/>
  <testcase name="regClient_DocumentScannerService_getImageBytesFromBufferedImage" time="0.028" classname="io.mosip.registration.test.DocumentScannerServiceTest"/>
  <testcase name="regClient_DocumentScannerService_pdfToImagesTestNull" time="0.077" classname="io.mosip.registration.test.DocumentScannerServiceTest"/>
  <testcase name="regClient_DocumentScannerService_getSingleImageAlternateFlow" time="0.110" classname="io.mosip.registration.test.DocumentScannerServiceTest"/>
  <testcase name="regClient_DocumentScannerService_getSinglePDFInBytes" time="1.340" classname="io.mosip.registration.test.DocumentScannerServiceTest"/>
  <testcase name="regClient_DocumentScannerService_isScannerConnected" time="0.000" classname="io.mosip.registration.test.DocumentScannerServiceTest"/>
  <testcase name="regClient_DocumentScannerService_getSingleImageFromListTestNull" time="0.000" classname="io.mosip.registration.test.DocumentScannerServiceTest"/>
  <testcase name="regClient_DocumentScannerService_scanDocument" time="0.000" classname="io.mosip.registration.test.DocumentScannerServiceTest"/>
  <testcase name="regClient_DocumentScannerService_getImageBytesFromBufferedImageTestNull" time="0.003" classname="io.mosip.registration.test.DocumentScannerServiceTest"/>
  <testcase name="regClient_DocumentScannerService_pdfToImages" time="0.359" classname="io.mosip.registration.test.DocumentScannerServiceTest"/>
</testsuite> <!-- io.mosip.registration.test.DocumentScannerServiceTest -->
