<?xml version="1.0" encoding="UTF-8"?>
<!-- Generated by org.testng.reporters.JUnitReportReporter -->
<testsuite hostname="A2ML30049" name="io.mosip.registration.test.MasterSyncBlackListedWord" tests="3" failures="0" timestamp="9 Jul 2020 08:31:01 GMT" time="26.937" errors="0">
  <testcase name="regClient_BlackListedWordService_invalid_langcode_notHavingValue" time="6.542" classname="io.mosip.registration.test.MasterSyncBlackListedWord"/>
  <testcase name="regClient_BlackListedWordService_invalid_langCode_empty" time="12.929" classname="io.mosip.registration.test.MasterSyncBlackListedWord"/>
  <testcase name="regClient_BlackListedWordService_validateBlackListedWord_smoke" time="7.466" classname="io.mosip.registration.test.MasterSyncBlackListedWord"/>
</testsuite> <!-- io.mosip.registration.test.MasterSyncBlackListedWord -->
