<?xml version="1.0" encoding="UTF-8"?>
<!-- Generated by org.testng.reporters.JUnitReportReporter -->
<testsuite hostname="A2ML29334" name="io.mosip.registration.test.LoginServiceLoginModesTest" tests="5" failures="0" timestamp="27 Aug 2020 12:09:57 GMT" time="0.080" errors="0">
  <testcase name="regClient_LoginService_invalidAuthType_empty" time="0.002" classname="io.mosip.registration.test.LoginServiceLoginModesTest"/>
  <testcase name="regClient_LoginService_invalidRoleList_empty" time="0.012" classname="io.mosip.registration.test.LoginServiceLoginModesTest"/>
  <testcase name="regClient_LoginService_invalidAuthTypeRoleList" time="0.011" classname="io.mosip.registration.test.LoginServiceLoginModesTest"/>
  <testcase name="regClient_LoginService_validateModesOfLogin_smoke" time="0.034" classname="io.mosip.registration.test.LoginServiceLoginModesTest"/>
  <testcase name="regClient_LoginService_invalidAuthType" time="0.021" classname="io.mosip.registration.test.LoginServiceLoginModesTest"/>
</testsuite> <!-- io.mosip.registration.test.LoginServiceLoginModesTest -->
