<?xml version="1.0" encoding="UTF-8"?>
<!-- Generated by org.testng.reporters.JUnitReportReporter -->
<testsuite hostname="A2ML29334" name="io.mosip.registration.test.MasterSyncBlackListedWord" tests="3" failures="0" timestamp="27 Aug 2020 12:09:57 GMT" time="16.660" errors="0">
  <testcase name="regClient_BlackListedWordService_invalid_langcode_notHavingValue" time="5.064" classname="io.mosip.registration.test.MasterSyncBlackListedWord"/>
  <testcase name="regClient_BlackListedWordService_invalid_langCode_empty" time="6.006" classname="io.mosip.registration.test.MasterSyncBlackListedWord"/>
  <testcase name="regClient_BlackListedWordService_validateBlackListedWord_smoke" time="5.590" classname="io.mosip.registration.test.MasterSyncBlackListedWord"/>
</testsuite> <!-- io.mosip.registration.test.MasterSyncBlackListedWord -->
