<?xml version="1.0" encoding="UTF-8"?>
<!-- Generated by org.testng.reporters.JUnitReportReporter -->
<testsuite hostname="A2ML30049" name="io.mosip.registration.test.RegPacketStatusServiceDeleteRegistrationTest" tests="2" failures="0" timestamp="9 Jul 2020 08:31:01 GMT" time="30.228" errors="0">
  <testcase name="regClient_RegpacketStatusService_Delete_currently_created_RegistrationPackets" time="15.997" classname="io.mosip.registration.test.RegPacketStatusServiceDeleteRegistrationTest"/>
  <testcase name="regClient_RegpacketStatusService_Delete_RegistrationPackets_created_10days_back" time="14.231" classname="io.mosip.registration.test.RegPacketStatusServiceDeleteRegistrationTest"/>
</testsuite> <!-- io.mosip.registration.test.RegPacketStatusServiceDeleteRegistrationTest -->
