<?xml version="1.0" encoding="UTF-8"?>
<!-- Generated by org.testng.reporters.JUnitReportReporter -->
<testsuite hostname="A2ML30049" name="io.mosip.registration.test.MasterSyncIndividualType" tests="5" failures="0" timestamp="9 Jul 2020 08:31:01 GMT" time="30.798" errors="0">
  <testcase name="regClient_IndividualType_invalid_LangCode_empty" time="6.076" classname="io.mosip.registration.test.MasterSyncIndividualType"/>
  <testcase name="regClient_IndividualType_validateIndividualType_smoke" time="5.900" classname="io.mosip.registration.test.MasterSyncIndividualType"/>
  <testcase name="regClient_IndividualType_invalid_Code_empty" time="6.333" classname="io.mosip.registration.test.MasterSyncIndividualType"/>
  <testcase name="regClient_IndividualType_invalid_langCode_notPresentInDB" time="6.384" classname="io.mosip.registration.test.MasterSyncIndividualType"/>
  <testcase name="regClient_IndividualType_invalid_Code_notPresentInDB" time="6.105" classname="io.mosip.registration.test.MasterSyncIndividualType"/>
</testsuite> <!-- io.mosip.registration.test.MasterSyncIndividualType -->
