<?xml version="1.0" encoding="UTF-8"?>
<!-- Generated by org.testng.reporters.JUnitReportReporter -->
<testsuite hostname="A2ML29334" name="io.mosip.registration.test.JobConfigurationTest" tests="6" failures="0" timestamp="27 Aug 2020 12:09:57 GMT" time="43.098" errors="0">
  <testcase name="regClient_JobConfigurationService_initiateJobs" time="0.029" classname="io.mosip.registration.test.JobConfigurationTest"/>
  <testcase name="regClient_JobConfigurationService_getSyncJobsTransaction" time="12.263" classname="io.mosip.registration.test.JobConfigurationTest"/>
  <testcase name="regClient_JobConfigurationService_getCurrentRunningJobDetails" time="0.027" classname="io.mosip.registration.test.JobConfigurationTest"/>
  <testcase name="regClient_JobConfigurationService_startScheduler" time="0.001" classname="io.mosip.registration.test.JobConfigurationTest"/>
  <testcase name="regClient_JobConfigurationService_stopScheduler" time="0.000" classname="io.mosip.registration.test.JobConfigurationTest"/>
  <testcase name="regClient_JobConfigurationService_getLastCompletedSyncJobs" time="30.778" classname="io.mosip.registration.test.JobConfigurationTest"/>
</testsuite> <!-- io.mosip.registration.test.JobConfigurationTest -->
