<?xml version="1.0" encoding="UTF-8"?>
<!-- Generated by org.testng.reporters.JUnitReportReporter -->
<testsuite hostname="A2ML30049" name="io.mosip.registration.test.MasterSyncLocationByHierarchyCode" tests="10" failures="0" timestamp="9 Jul 2020 08:31:01 GMT" time="63.445" errors="1">
  <testcase name="regClient_LocationByHierarchyCode_invalid_langCode_empty" time="6.914" classname="io.mosip.registration.test.MasterSyncLocationByHierarchyCode"/>
  <testcase name="regClient_LocationByHierarchyCode_validateLocationByHierarchyCode_smoke" time="5.908" classname="io.mosip.registration.test.MasterSyncLocationByHierarchyCode">
    <error type="java.lang.AssertionError" message="null: lists don&#039;t have the same size expected [1] but found [0]">
      <![CDATA[java.lang.AssertionError: null: lists don't have the same size expected [1] but found [0]
	at org.testng.Assert.fail(Assert.java:94)
	at org.testng.Assert.failNotEquals(Assert.java:494)
	at org.testng.Assert.assertEquals(Assert.java:123)
	at org.testng.Assert.assertEquals(Assert.java:370)
	at org.testng.Assert.assertEquals(Assert.java:537)
	at org.testng.Assert.assertEquals(Assert.java:514)
	at io.mosip.registration.test.MasterSyncLocationByHierarchyCode.verifyLocationByHierarchyCode(MasterSyncLocationByHierarchyCode.java:174)
	at sun.reflect.NativeMethodAccessorImpl.invoke0(Native Method)
	at sun.reflect.NativeMethodAccessorImpl.invoke(Unknown Source)
	at sun.reflect.DelegatingMethodAccessorImpl.invoke(Unknown Source)
	at java.lang.reflect.Method.invoke(Unknown Source)
	at org.testng.internal.MethodInvocationHelper.invokeMethod(MethodInvocationHelper.java:80)
	at org.testng.internal.MethodInvocationHelper$1.runTestMethod(MethodInvocationHelper.java:182)
	at org.springframework.test.context.testng.AbstractTestNGSpringContextTests.run(AbstractTestNGSpringContextTests.java:180)
	at sun.reflect.GeneratedMethodAccessor497.invoke(Unknown Source)
	at sun.reflect.DelegatingMethodAccessorImpl.invoke(Unknown Source)
	at java.lang.reflect.Method.invoke(Unknown Source)
	at org.testng.internal.MethodInvocationHelper.invokeHookable(MethodInvocationHelper.java:194)
	at org.testng.internal.Invoker.invokeMethod(Invoker.java:707)
	at org.testng.internal.Invoker.invokeTestMethod(Invoker.java:901)
	at org.testng.internal.Invoker.invokeTestMethods(Invoker.java:1231)
	at org.testng.internal.TestMethodWorker.invokeTestMethods(TestMethodWorker.java:127)
	at org.testng.internal.TestMethodWorker.run(TestMethodWorker.java:111)
	at org.testng.TestRunner.privateRun(TestRunner.java:767)
	at org.testng.TestRunner.run(TestRunner.java:617)
	at org.testng.SuiteRunner.runTest(SuiteRunner.java:334)
	at org.testng.SuiteRunner.runSequentially(SuiteRunner.java:329)
	at org.testng.SuiteRunner.privateRun(SuiteRunner.java:291)
	at org.testng.SuiteRunner.run(SuiteRunner.java:240)
	at org.testng.SuiteRunnerWorker.runSuite(SuiteRunnerWorker.java:52)
	at org.testng.SuiteRunnerWorker.run(SuiteRunnerWorker.java:86)
	at org.testng.TestNG.runSuitesSequentially(TestNG.java:1198)
	at org.testng.TestNG.runSuitesLocally(TestNG.java:1123)
	at org.testng.TestNG.run(TestNG.java:1031)
	at io.mosip.testrunner.MosipTestRunner.startTestRunner(MosipTestRunner.java:48)
	at io.mosip.testrunner.MosipTestRunner.main(MosipTestRunner.java:33)
]]>
    </error>
  </testcase> <!-- regClient_LocationByHierarchyCode_validateLocationByHierarchyCode_smoke -->
  <testcase name="regClient_LocationByHierarchyCode_invalid_langCode_notPresentInDB" time="6.225" classname="io.mosip.registration.test.MasterSyncLocationByHierarchyCode"/>
  <testcase name="regClient_LocationByHierarchyCode_invalid_hierarchyName_empty" time="6.067" classname="io.mosip.registration.test.MasterSyncLocationByHierarchyCode"/>
  <testcase name="regClient_LocationByHierarchyCode_invalid_langCode_notPresentInDB" time="7.205" classname="io.mosip.registration.test.MasterSyncLocationByHierarchyCode"/>
  <testcase name="regClient_LocationByHierarchyCode_invalid_hierarchyName_notPresentInDB" time="6.090" classname="io.mosip.registration.test.MasterSyncLocationByHierarchyCode"/>
  <testcase name="regClient_LocationByHierarchyCode_invalid_langCode_empty" time="6.894" classname="io.mosip.registration.test.MasterSyncLocationByHierarchyCode"/>
  <testcase name="regClient_LocationByHierarchyCode_invalid_hierarchyName_empty" time="6.045" classname="io.mosip.registration.test.MasterSyncLocationByHierarchyCode"/>
  <testcase name="regClient_LocationByHierarchyCode_invalid_hierarchyName_notPresentInDB" time="5.998" classname="io.mosip.registration.test.MasterSyncLocationByHierarchyCode"/>
  <testcase name="regClient_LocationByHierarchyCode_validateLocationByHierarchyCode_smoke" time="6.099" classname="io.mosip.registration.test.MasterSyncLocationByHierarchyCode"/>
</testsuite> <!-- io.mosip.registration.test.MasterSyncLocationByHierarchyCode -->
