<?xml version="1.0" encoding="UTF-8"?>
<!-- Generated by org.testng.reporters.JUnitReportReporter -->
<testsuite hostname="A2ML30049" name="io.mosip.registration.test.MasterSyncProvianceByHierarchyCode" tests="10" failures="0" timestamp="9 Jul 2020 08:31:01 GMT" time="68.646" errors="0">
  <testcase name="regClient_ProvinceByHierarchyCode_invalid_hierarchyName_notPresentInDB" time="6.436" classname="io.mosip.registration.test.MasterSyncProvianceByHierarchyCode"/>
  <testcase name="regClient_ProvinceByHierarchyCode_invalid_parentLocationCode_empty" time="6.324" classname="io.mosip.registration.test.MasterSyncProvianceByHierarchyCode"/>
  <testcase name="regClient_ProvinceByHierarchyCode_invalid_langCode_empty" time="6.502" classname="io.mosip.registration.test.MasterSyncProvianceByHierarchyCode"/>
  <testcase name="regClient_ProvinceByHierarchyCode_invalid_langCode_notPresentInDB" time="6.468" classname="io.mosip.registration.test.MasterSyncProvianceByHierarchyCode"/>
  <testcase name="regClient_ProvinceByHierarchyCode_invalid_hierarchyName_notPresentInDB" time="7.138" classname="io.mosip.registration.test.MasterSyncProvianceByHierarchyCode"/>
  <testcase name="regClient_ProvinceByHierarchyCode_validateLocationByparentLocationCode_smoke" time="6.467" classname="io.mosip.registration.test.MasterSyncProvianceByHierarchyCode"/>
  <testcase name="regClient_ProvinceByHierarchyCode_invalid_parentLocationCode_empty" time="6.031" classname="io.mosip.registration.test.MasterSyncProvianceByHierarchyCode"/>
  <testcase name="regClient_ProvinceByHierarchyCode_invalid_langCode_notPresentInDB" time="9.757" classname="io.mosip.registration.test.MasterSyncProvianceByHierarchyCode"/>
  <testcase name="regClient_ProvinceByHierarchyCode_validateLocationByparentLocationCode_smoke" time="6.644" classname="io.mosip.registration.test.MasterSyncProvianceByHierarchyCode"/>
  <testcase name="regClient_ProvinceByHierarchyCode_invalid_langCode_empty" time="6.879" classname="io.mosip.registration.test.MasterSyncProvianceByHierarchyCode"/>
</testsuite> <!-- io.mosip.registration.test.MasterSyncProvianceByHierarchyCode -->
