<?xml version="1.0" encoding="UTF-8"?>
<!-- Generated by org.testng.reporters.JUnitReportReporter -->
<testsuite hostname="A2ML29334" name="io.mosip.registration.test.AuditServiceTest" tests="5" failures="0" timestamp="27 Aug 2020 12:09:57 GMT" time="0.110" errors="0">
  <testcase name="regClient_AuditService_delete_AuditLogs_configuredDaysAs_NoLogs" time="0.009" classname="io.mosip.registration.test.AuditServiceTest"/>
  <testcase name="regClient_AuditService_delete_AuditLogs_configuredAs_3days" time="0.028" classname="io.mosip.registration.test.AuditServiceTest"/>
  <testcase name="regClient_AuditService_delete_AuditLogs_configuredDaysAs_NULL" time="0.001" classname="io.mosip.registration.test.AuditServiceTest"/>
  <testcase name="regClient_AuditService_delete_AuditLogs_configuredDaysAs_futureDays" time="0.036" classname="io.mosip.registration.test.AuditServiceTest"/>
  <testcase name="regClient_AuditService_delete_AuditLogs_configuredDaysAs_currentDate" time="0.036" classname="io.mosip.registration.test.AuditServiceTest"/>
</testsuite> <!-- io.mosip.registration.test.AuditServiceTest -->
