<?xml version="1.0" encoding="UTF-8"?>
<!-- Generated by org.testng.reporters.JUnitReportReporter -->
<testsuite hostname="A2ML30049" name="io.mosip.registration.test.TemplateServiceTest" tests="12" failures="0" timestamp="9 Jul 2020 08:31:01 GMT" time="75.343" errors="0">
  <testcase name="regClient_TemplateService_invalidLangCode_empty" time="6.072" classname="io.mosip.registration.test.TemplateServiceTest"/>
  <testcase name="regClient_TemplateService__HtmlTemplate_invalidTemplateType_empty" time="6.349" classname="io.mosip.registration.test.TemplateServiceTest"/>
  <testcase name="regClient_TemplateService__HtmlTemplate_invalidTemplateTypeLangCode_empty" time="6.640" classname="io.mosip.registration.test.TemplateServiceTest"/>
  <testcase name="regClient_TemplateService__HtmlTemplate_invalidLangCode_empty" time="6.576" classname="io.mosip.registration.test.TemplateServiceTest"/>
  <testcase name="regClient_TemplateService_invalidTemplateTypeLangCode_empty" time="6.155" classname="io.mosip.registration.test.TemplateServiceTest"/>
  <testcase name="regClient_TemplateService_validateTemplateType_smoke" time="6.194" classname="io.mosip.registration.test.TemplateServiceTest"/>
  <testcase name="regClient_TemplateService_invalidLangCode" time="6.066" classname="io.mosip.registration.test.TemplateServiceTest"/>
  <testcase name="regClient_TemplateService__HtmlTemplate_validateTemplateType_smoke" time="5.715" classname="io.mosip.registration.test.TemplateServiceTest"/>
  <testcase name="regClient_TemplateService__HtmlTemplate_invalidTemplateType" time="6.785" classname="io.mosip.registration.test.TemplateServiceTest"/>
  <testcase name="regClient_TemplateService_invalidTemplateType_empty" time="6.350" classname="io.mosip.registration.test.TemplateServiceTest"/>
  <testcase name="regClient_TemplateService__HtmlTemplate_invalidLangCode" time="6.162" classname="io.mosip.registration.test.TemplateServiceTest"/>
  <testcase name="regClient_TemplateService_invalidTemplateType" time="6.279" classname="io.mosip.registration.test.TemplateServiceTest"/>
</testsuite> <!-- io.mosip.registration.test.TemplateServiceTest -->
