<?xml version="1.0" encoding="UTF-8"?>
<!-- Generated by org.testng.reporters.JUnitReportReporter -->
<testsuite hostname="A2ML29334" name="io.mosip.registration.test.RegPacketStatusServiceSyncPacketsTest" tests="1" failures="0" timestamp="27 Aug 2020 12:09:57 GMT" time="9.259" errors="0">
  <testcase name="regClient_RegpacketStatusService_sync_packets_to_server" time="9.259" classname="io.mosip.registration.test.RegPacketStatusServiceSyncPacketsTest"/>
</testsuite> <!-- io.mosip.registration.test.RegPacketStatusServiceSyncPacketsTest -->
