<?xml version="1.0" encoding="UTF-8"?>
<!-- Generated by org.testng.reporters.JUnitReportReporter -->
<testsuite hostname="A2ML30049" name="io.mosip.registration.test.PacketSyncServiceTest" tests="7" failures="0" timestamp="9 Jul 2020 08:31:01 GMT" time="55.559" errors="0">
  <testcase name="regClient_PacketSyncService_Sync_single_packet_Valid" time="5.825" classname="io.mosip.registration.test.PacketSyncServiceTest"/>
  <testcase name="regClient_PacketSyncService_SyncInvalidPacketToServer" time="6.180" classname="io.mosip.registration.test.PacketSyncServiceTest"/>
  <testcase name="regClient_PacketSyncService_SynEODPacketsToServer" time="16.106" classname="io.mosip.registration.test.PacketSyncServiceTest"/>
  <testcase name="regClient_PacketSyncService_SynValidPacketsToServer" time="8.418" classname="io.mosip.registration.test.PacketSyncServiceTest"/>
  <testcase name="regClient_PacketSyncService_Sync_single_packet_Invalid" time="6.194" classname="io.mosip.registration.test.PacketSyncServiceTest"/>
  <testcase name="regClient_PacketSyncService_validate_UpdateSyncStatus" time="6.578" classname="io.mosip.registration.test.PacketSyncServiceTest"/>
  <testcase name="regClient_PacketSyncService_validate_PacketsFetchedToBeSynced" time="6.258" classname="io.mosip.registration.test.PacketSyncServiceTest"/>
</testsuite> <!-- io.mosip.registration.test.PacketSyncServiceTest -->
