<?xml version="1.0" encoding="UTF-8"?>
<!-- Generated by org.testng.reporters.JUnitReportReporter -->
<testsuite hostname="A2ML29334" name="io.mosip.registration.test.DocumentScannerServiceTest" tests="10" failures="0" timestamp="27 Aug 2020 12:09:57 GMT" time="1.215" errors="0">
  <testcase name="regClient_DocumentScannerService_getSingleImageAlternateFlow" time="0.095" classname="io.mosip.registration.test.DocumentScannerServiceTest"/>
  <testcase name="regClient_DocumentScannerService_getSinglePDFInBytes" time="0.822" classname="io.mosip.registration.test.DocumentScannerServiceTest"/>
  <testcase name="regClient_DocumentScannerService_isScannerConnected" time="0.000" classname="io.mosip.registration.test.DocumentScannerServiceTest"/>
  <testcase name="regClient_DocumentScannerService_pdfToImages" time="0.208" classname="io.mosip.registration.test.DocumentScannerServiceTest"/>
  <testcase name="regClient_DocumentScannerService_getImageBytesFromBufferedImage" time="0.030" classname="io.mosip.registration.test.DocumentScannerServiceTest"/>
  <testcase name="regClient_DocumentScannerService_getSingleImageFromListTestNull" time="0.000" classname="io.mosip.registration.test.DocumentScannerServiceTest"/>
  <testcase name="regClient_DocumentScannerService_scanDocument" time="0.000" classname="io.mosip.registration.test.DocumentScannerServiceTest"/>
  <testcase name="regClient_DocumentScannerService_getImageBytesFromBufferedImageTestNull" time="0.003" classname="io.mosip.registration.test.DocumentScannerServiceTest"/>
  <testcase name="regClient_DocumentScannerService_pdfToImagesTestNull" time="0.044" classname="io.mosip.registration.test.DocumentScannerServiceTest"/>
  <testcase name="regClient_DocumentScannerService_getSingleImageFromList" time="0.013" classname="io.mosip.registration.test.DocumentScannerServiceTest"/>
</testsuite> <!-- io.mosip.registration.test.DocumentScannerServiceTest -->
