<?xml version="1.0" encoding="UTF-8"?>
<!-- Generated by org.testng.reporters.JUnitReportReporter -->
<testsuite hostname="A2ML30049" name="io.mosip.registration.test.RegistrationApprovalServiceTest" tests="5" failures="0" timestamp="9 Jul 2020 08:31:01 GMT" time="37.885" errors="0">
  <testcase name="regClient_RegistrationApprovalService_getEnrolment_invalidStatus_empty" time="6.588" classname="io.mosip.registration.test.RegistrationApprovalServiceTest"/>
  <testcase name="regClient_RegistrationApprovalService_getEnrolment_invalidStatus_space" time="6.477" classname="io.mosip.registration.test.RegistrationApprovalServiceTest"/>
  <testcase name="regClient_RegistrationApprovalService_validateUpdateRegistration_smoke" time="8.955" classname="io.mosip.registration.test.RegistrationApprovalServiceTest"/>
  <testcase name="regClient_RegistrationApprovalService_getEnrolment_invalidStatus" time="6.534" classname="io.mosip.registration.test.RegistrationApprovalServiceTest"/>
  <testcase name="regClient_RegistrationApprovalService_getEnrolment_validateEnrolment_smoke" time="9.331" classname="io.mosip.registration.test.RegistrationApprovalServiceTest"/>
</testsuite> <!-- io.mosip.registration.test.RegistrationApprovalServiceTest -->
